#
# There is insufficient memory for the Java Runtime Environment to continue.
# Native memory allocation (malloc) failed to allocate 532976 bytes for Chunk::new
# Possible reasons:
#   The system is out of physical RAM or swap space
#   The process is running with CompressedOops enabled, and the Java Heap may be blocking the growth of the native heap
# Possible solutions:
#   Reduce memory load on the system
#   Increase physical memory or swap space
#   Check if swap backing store is full
#   Decrease Java heap size (-Xmx/-Xms)
#   Decrease number of Java threads
#   Decrease Java thread stack sizes (-Xss)
#   Set larger code cache with -XX:ReservedCodeCacheSize=
#   JVM is running with Unscaled Compressed Oops mode in which the Java heap is
#     placed in the first 4GB address space. The Java Heap base address is the
#     maximum limit for the native heap growth. Please use -XX:HeapBaseMinAddress
#     to set the Java Heap base and to place the Java Heap above 4GB virtual address.
# This output file may be truncated or incomplete.
#
#  Out of Memory Error (./src/hotspot/share/memory/arena.cpp:197), pid=12900, tid=11660
#
# JRE version: OpenJDK Runtime Environment Zulu11.52+13-CA (11.0.13+8) (build 11.0.13+8-LTS)
# Java VM: OpenJDK 64-Bit Server VM Zulu11.52+13-CA (11.0.13+8-LTS, mixed mode, tiered, compressed oops, g1 gc, windows-amd64)
# No core dump will be written. Minidumps are not enabled by default on client versions of Windows
#

---------------  S U M M A R Y ------------

Command Line: Reto2_Web.Reto2WebApplication

Host: Intel(R) Core(TM) i3-8130U CPU @ 2.20GHz, 4 cores, 3G,  Windows 10 , 64 bit Build 19041 (10.0.19041.1348)
Time: Mon Dec 13 16:11:45 2021 Hora est. Pacífico, Sudamérica elapsed time: 1710.489253 seconds (0d 0h 28m 30s)

---------------  T H R E A D  ---------------

Current thread (0x000001df63869800):  JavaThread "C2 CompilerThread0" daemon [_thread_in_native, id=11660, stack(0x0000004a12300000,0x0000004a12400000)]


Current CompileTask:
C2:1710489 7311       4       java.util.TreeMap::put (247 bytes)

Stack: [0x0000004a12300000,0x0000004a12400000]
Native frames: (J=compiled Java code, j=interpreted, Vv=VM code, C=native code)
V  [jvm.dll+0x62373a]
V  [jvm.dll+0x7b0769]
V  [jvm.dll+0x7b1e2f]
V  [jvm.dll+0x7b2503]
V  [jvm.dll+0x253658]
V  [jvm.dll+0xc260c]
V  [jvm.dll+0xc2bcc]
V  [jvm.dll+0x35d707]
V  [jvm.dll+0x19e5c1]
V  [jvm.dll+0x208bf2]
V  [jvm.dll+0x207ccd]
V  [jvm.dll+0x18a031]
V  [jvm.dll+0x2176e9]
V  [jvm.dll+0x2158db]
V  [jvm.dll+0x7730a0]
V  [jvm.dll+0x76c004]
V  [jvm.dll+0x6225d6]
C  [ucrtbase.dll+0x21bb2]
C  [KERNEL32.DLL+0x17034]
C  [ntdll.dll+0x52651]


---------------  P R O C E S S  ---------------

Threads class SMR info:
_java_thread_list=0x000001df6744a180, length=37, elements={
0x000001df63851000, 0x000001df6385a800, 0x000001df6384c000, 0x000001df6385f000,
0x000001df63860800, 0x000001df63869800, 0x000001df6386b800, 0x000001df638b9000,
0x000001df63b35800, 0x000001df66dba800, 0x000001df67637800, 0x000001df66c98800,
0x000001df6700e800, 0x000001df66eea800, 0x000001df67a8d000, 0x000001df67a89000,
0x000001df67a8d800, 0x000001df67a88000, 0x000001df67a8e800, 0x000001df67a8a800,
0x000001df67a8c000, 0x000001df67a8b000, 0x000001df67a89800, 0x000001df64d9c800,
0x000001df64d9e000, 0x000001df64d9f800, 0x000001df64d9f000, 0x000001df64d9a000,
0x000001df64d9b800, 0x000001df64d9d000, 0x000001df64da0800, 0x000001df64d9a800,
0x000001df64da6000, 0x000001df64da3800, 0x000001df64da4800, 0x000001df64da5800,
0x000001df64da1000
}

Java Threads: ( => current thread )
  0x000001df63851000 JavaThread "Reference Handler" daemon [_thread_blocked, id=13144, stack(0x0000004a11e00000,0x0000004a11f00000)]
  0x000001df6385a800 JavaThread "Finalizer" daemon [_thread_blocked, id=5696, stack(0x0000004a11f00000,0x0000004a12000000)]
  0x000001df6384c000 JavaThread "Signal Dispatcher" daemon [_thread_blocked, id=13148, stack(0x0000004a12000000,0x0000004a12100000)]
  0x000001df6385f000 JavaThread "Attach Listener" daemon [_thread_blocked, id=12860, stack(0x0000004a12100000,0x0000004a12200000)]
  0x000001df63860800 JavaThread "Service Thread" daemon [_thread_blocked, id=13240, stack(0x0000004a12200000,0x0000004a12300000)]
=>0x000001df63869800 JavaThread "C2 CompilerThread0" daemon [_thread_in_native, id=11660, stack(0x0000004a12300000,0x0000004a12400000)]
  0x000001df6386b800 JavaThread "C1 CompilerThread0" daemon [_thread_blocked, id=7968, stack(0x0000004a12400000,0x0000004a12500000)]
  0x000001df638b9000 JavaThread "Sweeper thread" daemon [_thread_blocked, id=11028, stack(0x0000004a12500000,0x0000004a12600000)]
  0x000001df63b35800 JavaThread "Common-Cleaner" daemon [_thread_blocked, id=12504, stack(0x0000004a12700000,0x0000004a12800000)]
  0x000001df66dba800 JavaThread "Catalina-utility-1" [_thread_blocked, id=8384, stack(0x0000004a12b00000,0x0000004a12c00000)]
  0x000001df67637800 JavaThread "Catalina-utility-2" [_thread_blocked, id=9244, stack(0x0000004a12e00000,0x0000004a12f00000)]
  0x000001df66c98800 JavaThread "container-0" [_thread_blocked, id=5600, stack(0x0000004a12f00000,0x0000004a13000000)]
  0x000001df6700e800 JavaThread "Thread-4" daemon [_thread_in_native, id=1788, stack(0x0000004a13000000,0x0000004a13100000)]
  0x000001df66eea800 JavaThread "cluster-ClusterId{value='61b7b06bb277ad47f9e4132d', description='null'}-cluster0-shard-00-00.5jebp.mongodb.net:27017" daemon [_thread_in_native, id=1648, stack(0x0000004a13200000,0x0000004a13300000)]
  0x000001df67a8d000 JavaThread "cluster-rtt-ClusterId{value='61b7b06bb277ad47f9e4132d', description='null'}-cluster0-shard-00-00.5jebp.mongodb.net:27017" daemon [_thread_blocked, id=11908, stack(0x0000004a13300000,0x0000004a13400000)]
  0x000001df67a89000 JavaThread "cluster-ClusterId{value='61b7b06bb277ad47f9e4132d', description='null'}-cluster0-shard-00-02.5jebp.mongodb.net:27017" daemon [_thread_in_native, id=6960, stack(0x0000004a13400000,0x0000004a13500000)]
  0x000001df67a8d800 JavaThread "cluster-rtt-ClusterId{value='61b7b06bb277ad47f9e4132d', description='null'}-cluster0-shard-00-02.5jebp.mongodb.net:27017" daemon [_thread_blocked, id=11484, stack(0x0000004a13500000,0x0000004a13600000)]
  0x000001df67a88000 JavaThread "cluster-ClusterId{value='61b7b06bb277ad47f9e4132d', description='null'}-cluster0-shard-00-01.5jebp.mongodb.net:27017" daemon [_thread_in_native, id=4596, stack(0x0000004a13600000,0x0000004a13700000)]
  0x000001df67a8e800 JavaThread "cluster-rtt-ClusterId{value='61b7b06bb277ad47f9e4132d', description='null'}-cluster0-shard-00-01.5jebp.mongodb.net:27017" daemon [_thread_blocked, id=6484, stack(0x0000004a13700000,0x0000004a13800000)]
  0x000001df67a8a800 JavaThread "Live Reload Server" daemon [_thread_in_native, id=11472, stack(0x0000004a13900000,0x0000004a13a00000)]
  0x000001df67a8c000 JavaThread "MaintenanceTimer-1-thread-1" daemon [_thread_blocked, id=12128, stack(0x0000004a13a00000,0x0000004a13b00000)]
  0x000001df67a8b000 JavaThread "MaintenanceTimer-3-thread-1" daemon [_thread_blocked, id=4692, stack(0x0000004a13b00000,0x0000004a13c00000)]
  0x000001df67a89800 JavaThread "MaintenanceTimer-2-thread-1" daemon [_thread_blocked, id=6768, stack(0x0000004a13c00000,0x0000004a13d00000)]
  0x000001df64d9c800 JavaThread "File Watcher" daemon [_thread_blocked, id=12596, stack(0x0000004a13d00000,0x0000004a13e00000)]
  0x000001df64d9e000 JavaThread "http-nio-8080-Poller" daemon [_thread_in_native, id=11120, stack(0x0000004a13e00000,0x0000004a13f00000)]
  0x000001df64d9f800 JavaThread "http-nio-8080-Acceptor" daemon [_thread_in_native, id=4236, stack(0x0000004a13f00000,0x0000004a14000000)]
  0x000001df64d9f000 JavaThread "DestroyJavaVM" [_thread_blocked, id=13040, stack(0x0000004a11700000,0x0000004a11800000)]
  0x000001df64d9a000 JavaThread "http-nio-8080-exec-1" daemon [_thread_blocked, id=8588, stack(0x0000004a12900000,0x0000004a12a00000)]
  0x000001df64d9b800 JavaThread "http-nio-8080-exec-2" daemon [_thread_blocked, id=7372, stack(0x0000004a12a00000,0x0000004a12b00000)]
  0x000001df64d9d000 JavaThread "http-nio-8080-exec-3" daemon [_thread_blocked, id=6284, stack(0x0000004a14000000,0x0000004a14100000)]
  0x000001df64da0800 JavaThread "http-nio-8080-exec-4" daemon [_thread_blocked, id=8712, stack(0x0000004a14100000,0x0000004a14200000)]
  0x000001df64d9a800 JavaThread "http-nio-8080-exec-5" daemon [_thread_blocked, id=13268, stack(0x0000004a14400000,0x0000004a14500000)]
  0x000001df64da6000 JavaThread "http-nio-8080-exec-6" daemon [_thread_blocked, id=4912, stack(0x0000004a14500000,0x0000004a14600000)]
  0x000001df64da3800 JavaThread "http-nio-8080-exec-7" daemon [_thread_blocked, id=13252, stack(0x0000004a11400000,0x0000004a11500000)]
  0x000001df64da4800 JavaThread "http-nio-8080-exec-8" daemon [_thread_blocked, id=12568, stack(0x0000004a11500000,0x0000004a11600000)]
  0x000001df64da5800 JavaThread "http-nio-8080-exec-9" daemon [_thread_blocked, id=12316, stack(0x0000004a11600000,0x0000004a11700000)]
  0x000001df64da1000 JavaThread "http-nio-8080-exec-10" daemon [_thread_blocked, id=10136, stack(0x0000004a13100000,0x0000004a13200000)]

Other Threads:
  0x000001df6381a000 VMThread "VM Thread" [stack: 0x0000004a11d00000,0x0000004a11e00000] [id=13140]
  0x000001df63b30800 WatcherThread [stack: 0x0000004a12600000,0x0000004a12700000] [id=2720]
  0x000001df46c4f000 GCTaskThread "GC Thread#0" [stack: 0x0000004a11800000,0x0000004a11900000] [id=13044]
  0x000001df6445d000 GCTaskThread "GC Thread#1" [stack: 0x0000004a12800000,0x0000004a12900000] [id=11836]
  0x000001df649da800 GCTaskThread "GC Thread#2" [stack: 0x0000004a12c00000,0x0000004a12d00000] [id=11632]
  0x000001df649db800 GCTaskThread "GC Thread#3" [stack: 0x0000004a12d00000,0x0000004a12e00000] [id=10852]
  0x000001df46c69800 ConcurrentGCThread "G1 Main Marker" [stack: 0x0000004a11900000,0x0000004a11a00000] [id=13064]
  0x000001df46c6b000 ConcurrentGCThread "G1 Conc#0" [stack: 0x0000004a11a00000,0x0000004a11b00000] [id=12992]
  0x000001df46cc1000 ConcurrentGCThread "G1 Refine#0" [stack: 0x0000004a11b00000,0x0000004a11c00000] [id=13132]
  0x000001df46cc3000 ConcurrentGCThread "G1 Young RemSet Sampling" [stack: 0x0000004a11c00000,0x0000004a11d00000] [id=13136]

Threads with active compile tasks:
C2 CompilerThread01710779 7311       4       java.util.TreeMap::put (247 bytes)

VM state:not at safepoint (normal execution)

VM Mutex/Monitor currently owned by a thread: None

Heap address: 0x00000000c1600000, size: 1002 MB, Compressed Oops mode: 32-bit
Narrow klass base: 0x0000000000000000, Narrow klass shift: 3
Compressed class space size: 1073741824 Address: 0x0000000100000000

Heap:
 garbage-first heap   total 78848K, used 53026K [0x00000000c1600000, 0x0000000100000000)
  region size 1024K, 25 young (25600K), 2 survivors (2048K)
 Metaspace       used 59938K, capacity 62025K, committed 62128K, reserved 1103872K
  class space    used 7049K, capacity 7866K, committed 7936K, reserved 1048576K
Heap Regions: E=young(eden), S=young(survivor), O=old, HS=humongous(starts), HC=humongous(continues), CS=collection set, F=free, A=archive, TAMS=top-at-mark-start (previous, next)
|   0|0x00000000c1600000, 0x00000000c1700000, 0x00000000c1700000|100%| O|  |TAMS 0x00000000c1700000, 0x00000000c1600000| Untracked 
|   1|0x00000000c1700000, 0x00000000c1800000, 0x00000000c1800000|100%| O|  |TAMS 0x00000000c1800000, 0x00000000c1700000| Untracked 
|   2|0x00000000c1800000, 0x00000000c1900000, 0x00000000c1900000|100%| O|  |TAMS 0x00000000c1900000, 0x00000000c1800000| Untracked 
|   3|0x00000000c1900000, 0x00000000c1a00000, 0x00000000c1a00000|100%| O|  |TAMS 0x00000000c1a00000, 0x00000000c1900000| Untracked 
|   4|0x00000000c1a00000, 0x00000000c1b00000, 0x00000000c1b00000|100%| O|  |TAMS 0x00000000c1b00000, 0x00000000c1a00000| Untracked 
|   5|0x00000000c1b00000, 0x00000000c1c00000, 0x00000000c1c00000|100%| O|  |TAMS 0x00000000c1c00000, 0x00000000c1b00000| Untracked 
|   6|0x00000000c1c00000, 0x00000000c1d00000, 0x00000000c1d00000|100%| O|  |TAMS 0x00000000c1d00000, 0x00000000c1c00000| Untracked 
|   7|0x00000000c1d00000, 0x00000000c1e00000, 0x00000000c1e00000|100%| O|  |TAMS 0x00000000c1e00000, 0x00000000c1d00000| Untracked 
|   8|0x00000000c1e00000, 0x00000000c1f00000, 0x00000000c1f00000|100%| O|  |TAMS 0x00000000c1f00000, 0x00000000c1e00000| Untracked 
|   9|0x00000000c1f00000, 0x00000000c2000000, 0x00000000c2000000|100%| O|  |TAMS 0x00000000c2000000, 0x00000000c1f00000| Untracked 
|  10|0x00000000c2000000, 0x00000000c2100000, 0x00000000c2100000|100%| O|  |TAMS 0x00000000c2100000, 0x00000000c2000000| Untracked 
|  11|0x00000000c2100000, 0x00000000c2200000, 0x00000000c2200000|100%| O|  |TAMS 0x00000000c2200000, 0x00000000c2100000| Untracked 
|  12|0x00000000c2200000, 0x00000000c2300000, 0x00000000c2300000|100%| O|  |TAMS 0x00000000c2300000, 0x00000000c2200000| Untracked 
|  13|0x00000000c2300000, 0x00000000c2400000, 0x00000000c2400000|100%| O|  |TAMS 0x00000000c2400000, 0x00000000c2300000| Untracked 
|  14|0x00000000c2400000, 0x00000000c2500000, 0x00000000c2500000|100%| O|  |TAMS 0x00000000c2500000, 0x00000000c2400000| Untracked 
|  15|0x00000000c2500000, 0x00000000c2600000, 0x00000000c2600000|100%| O|  |TAMS 0x00000000c2600000, 0x00000000c2500000| Untracked 
|  16|0x00000000c2600000, 0x00000000c2700000, 0x00000000c2700000|100%| O|  |TAMS 0x00000000c2700000, 0x00000000c2600000| Untracked 
|  17|0x00000000c2700000, 0x00000000c2800000, 0x00000000c2800000|100%| O|  |TAMS 0x00000000c2800000, 0x00000000c2700000| Untracked 
|  18|0x00000000c2800000, 0x00000000c2900000, 0x00000000c2900000|100%| O|  |TAMS 0x00000000c2900000, 0x00000000c2800000| Untracked 
|  19|0x00000000c2900000, 0x00000000c2a00000, 0x00000000c2a00000|100%| O|  |TAMS 0x00000000c2a00000, 0x00000000c2900000| Untracked 
|  20|0x00000000c2a00000, 0x00000000c2b00000, 0x00000000c2b00000|100%| O|  |TAMS 0x00000000c2b00000, 0x00000000c2a00000| Untracked 
|  21|0x00000000c2b00000, 0x00000000c2c00000, 0x00000000c2c00000|100%| O|  |TAMS 0x00000000c2c00000, 0x00000000c2b00000| Untracked 
|  22|0x00000000c2c00000, 0x00000000c2d00000, 0x00000000c2d00000|100%| O|  |TAMS 0x00000000c2d00000, 0x00000000c2c00000| Untracked 
|  23|0x00000000c2d00000, 0x00000000c2e00000, 0x00000000c2e00000|100%| O|  |TAMS 0x00000000c2e00000, 0x00000000c2d00000| Untracked 
|  24|0x00000000c2e00000, 0x00000000c2f00000, 0x00000000c2f00000|100%| O|  |TAMS 0x00000000c2f00000, 0x00000000c2e00000| Untracked 
|  25|0x00000000c2f00000, 0x00000000c3000000, 0x00000000c3000000|100%| O|  |TAMS 0x00000000c3000000, 0x00000000c2f00000| Untracked 
|  26|0x00000000c3000000, 0x00000000c3100000, 0x00000000c3100000|100%| O|  |TAMS 0x00000000c3100000, 0x00000000c3000000| Untracked 
|  27|0x00000000c3100000, 0x00000000c3200000, 0x00000000c3200000|100%| O|  |TAMS 0x00000000c3200000, 0x00000000c3100000| Untracked 
|  28|0x00000000c3200000, 0x00000000c3231a00, 0x00000000c3300000| 19%| O|  |TAMS 0x00000000c3231a00, 0x00000000c3200000| Untracked 
|  29|0x00000000c3300000, 0x00000000c3300000, 0x00000000c3400000|  0%| F|  |TAMS 0x00000000c3300000, 0x00000000c3300000| Untracked 
|  30|0x00000000c3400000, 0x00000000c3400000, 0x00000000c3500000|  0%| F|  |TAMS 0x00000000c3400000, 0x00000000c3400000| Untracked 
|  31|0x00000000c3500000, 0x00000000c3500000, 0x00000000c3600000|  0%| F|  |TAMS 0x00000000c3500000, 0x00000000c3500000| Untracked 
|  32|0x00000000c3600000, 0x00000000c3600000, 0x00000000c3700000|  0%| F|  |TAMS 0x00000000c3600000, 0x00000000c3600000| Untracked 
|  33|0x00000000c3700000, 0x00000000c3700000, 0x00000000c3800000|  0%| F|  |TAMS 0x00000000c3700000, 0x00000000c3700000| Untracked 
|  34|0x00000000c3800000, 0x00000000c3800000, 0x00000000c3900000|  0%| F|  |TAMS 0x00000000c3800000, 0x00000000c3800000| Untracked 
|  35|0x00000000c3900000, 0x00000000c3900000, 0x00000000c3a00000|  0%| F|  |TAMS 0x00000000c3900000, 0x00000000c3900000| Untracked 
|  36|0x00000000c3a00000, 0x00000000c3a00000, 0x00000000c3b00000|  0%| F|  |TAMS 0x00000000c3a00000, 0x00000000c3a00000| Untracked 
|  37|0x00000000c3b00000, 0x00000000c3b00000, 0x00000000c3c00000|  0%| F|  |TAMS 0x00000000c3b00000, 0x00000000c3b00000| Untracked 
|  38|0x00000000c3c00000, 0x00000000c3c00000, 0x00000000c3d00000|  0%| F|  |TAMS 0x00000000c3c00000, 0x00000000c3c00000| Untracked 
|  39|0x00000000c3d00000, 0x00000000c3d00000, 0x00000000c3e00000|  0%| F|  |TAMS 0x00000000c3d00000, 0x00000000c3d00000| Untracked 
|  40|0x00000000c3e00000, 0x00000000c3e00000, 0x00000000c3f00000|  0%| F|  |TAMS 0x00000000c3e00000, 0x00000000c3e00000| Untracked 
|  41|0x00000000c3f00000, 0x00000000c3f00000, 0x00000000c4000000|  0%| F|  |TAMS 0x00000000c3f00000, 0x00000000c3f00000| Untracked 
|  42|0x00000000c4000000, 0x00000000c4000000, 0x00000000c4100000|  0%| F|  |TAMS 0x00000000c4000000, 0x00000000c4000000| Untracked 
|  43|0x00000000c4100000, 0x00000000c4100000, 0x00000000c4200000|  0%| F|  |TAMS 0x00000000c4100000, 0x00000000c4100000| Untracked 
|  44|0x00000000c4200000, 0x00000000c4200000, 0x00000000c4300000|  0%| F|  |TAMS 0x00000000c4200000, 0x00000000c4200000| Untracked 
|  45|0x00000000c4300000, 0x00000000c4397160, 0x00000000c4400000| 59%| S|CS|TAMS 0x00000000c4300000, 0x00000000c4300000| Complete 
|  46|0x00000000c4400000, 0x00000000c4400000, 0x00000000c4500000|  0%| F|  |TAMS 0x00000000c4400000, 0x00000000c4400000| Untracked 
|  47|0x00000000c4500000, 0x00000000c4500000, 0x00000000c4600000|  0%| F|  |TAMS 0x00000000c4500000, 0x00000000c4500000| Untracked 
|  48|0x00000000c4600000, 0x00000000c4700000, 0x00000000c4700000|100%| S|CS|TAMS 0x00000000c4600000, 0x00000000c4600000| Complete 
|  49|0x00000000c4700000, 0x00000000c4700000, 0x00000000c4800000|  0%| F|  |TAMS 0x00000000c4700000, 0x00000000c4700000| Untracked 
|  50|0x00000000c4800000, 0x00000000c4800000, 0x00000000c4900000|  0%| F|  |TAMS 0x00000000c4800000, 0x00000000c4800000| Untracked 
|  51|0x00000000c4900000, 0x00000000c4900000, 0x00000000c4a00000|  0%| F|  |TAMS 0x00000000c4900000, 0x00000000c4900000| Untracked 
|  52|0x00000000c4a00000, 0x00000000c4a00000, 0x00000000c4b00000|  0%| F|  |TAMS 0x00000000c4a00000, 0x00000000c4a00000| Untracked 
|  53|0x00000000c4b00000, 0x00000000c4b00000, 0x00000000c4c00000|  0%| F|  |TAMS 0x00000000c4b00000, 0x00000000c4b00000| Untracked 
|  54|0x00000000c4c00000, 0x00000000c4cf5150, 0x00000000c4d00000| 95%| E|  |TAMS 0x00000000c4c00000, 0x00000000c4c00000| Complete 
|  55|0x00000000c4d00000, 0x00000000c4e00000, 0x00000000c4e00000|100%| E|CS|TAMS 0x00000000c4d00000, 0x00000000c4d00000| Complete 
|  56|0x00000000c4e00000, 0x00000000c4f00000, 0x00000000c4f00000|100%| E|CS|TAMS 0x00000000c4e00000, 0x00000000c4e00000| Complete 
|  57|0x00000000c4f00000, 0x00000000c5000000, 0x00000000c5000000|100%| E|CS|TAMS 0x00000000c4f00000, 0x00000000c4f00000| Complete 
|  58|0x00000000c5000000, 0x00000000c5100000, 0x00000000c5100000|100%| E|CS|TAMS 0x00000000c5000000, 0x00000000c5000000| Complete 
|  59|0x00000000c5100000, 0x00000000c5200000, 0x00000000c5200000|100%| E|CS|TAMS 0x00000000c5100000, 0x00000000c5100000| Complete 
|  60|0x00000000c5200000, 0x00000000c5300000, 0x00000000c5300000|100%| E|CS|TAMS 0x00000000c5200000, 0x00000000c5200000| Complete 
|  61|0x00000000c5300000, 0x00000000c5400000, 0x00000000c5400000|100%| E|CS|TAMS 0x00000000c5300000, 0x00000000c5300000| Complete 
|  62|0x00000000c5400000, 0x00000000c5500000, 0x00000000c5500000|100%| E|CS|TAMS 0x00000000c5400000, 0x00000000c5400000| Complete 
|  63|0x00000000c5500000, 0x00000000c5600000, 0x00000000c5600000|100%| E|CS|TAMS 0x00000000c5500000, 0x00000000c5500000| Complete 
|  64|0x00000000c5600000, 0x00000000c5700000, 0x00000000c5700000|100%| E|CS|TAMS 0x00000000c5600000, 0x00000000c5600000| Complete 
|  65|0x00000000c5700000, 0x00000000c5800000, 0x00000000c5800000|100%| E|CS|TAMS 0x00000000c5700000, 0x00000000c5700000| Complete 
|  66|0x00000000c5800000, 0x00000000c5900000, 0x00000000c5900000|100%| E|CS|TAMS 0x00000000c5800000, 0x00000000c5800000| Complete 
|  67|0x00000000c5900000, 0x00000000c5a00000, 0x00000000c5a00000|100%| E|CS|TAMS 0x00000000c5900000, 0x00000000c5900000| Complete 
|  68|0x00000000c5a00000, 0x00000000c5b00000, 0x00000000c5b00000|100%| E|CS|TAMS 0x00000000c5a00000, 0x00000000c5a00000| Complete 
|  69|0x00000000c5b00000, 0x00000000c5c00000, 0x00000000c5c00000|100%| E|CS|TAMS 0x00000000c5b00000, 0x00000000c5b00000| Complete 
|  70|0x00000000c5c00000, 0x00000000c5d00000, 0x00000000c5d00000|100%| E|CS|TAMS 0x00000000c5c00000, 0x00000000c5c00000| Complete 
|  71|0x00000000c5d00000, 0x00000000c5e00000, 0x00000000c5e00000|100%| E|CS|TAMS 0x00000000c5d00000, 0x00000000c5d00000| Complete 
|  72|0x00000000c5e00000, 0x00000000c5f00000, 0x00000000c5f00000|100%| E|CS|TAMS 0x00000000c5e00000, 0x00000000c5e00000| Complete 
|  73|0x00000000c5f00000, 0x00000000c6000000, 0x00000000c6000000|100%| E|CS|TAMS 0x00000000c5f00000, 0x00000000c5f00000| Complete 
|  74|0x00000000c6000000, 0x00000000c6100000, 0x00000000c6100000|100%| E|CS|TAMS 0x00000000c6000000, 0x00000000c6000000| Complete 
|  75|0x00000000c6100000, 0x00000000c6200000, 0x00000000c6200000|100%| E|CS|TAMS 0x00000000c6100000, 0x00000000c6100000| Complete 
|  76|0x00000000c6200000, 0x00000000c6300000, 0x00000000c6300000|100%| E|CS|TAMS 0x00000000c6200000, 0x00000000c6200000| Complete 

Card table byte_map: [0x000001df5e830000,0x000001df5ea30000] _byte_map_base: 0x000001df5e225000

Marking Bits (Prev, Next): (CMBitMap*) 0x000001df46c64c30, (CMBitMap*) 0x000001df46c64bf8
 Prev Bits: [0x000001df5fbe0000, 0x000001df60b88000)
 Next Bits: [0x000001df5ec30000, 0x000001df5fbd8000)

Polling page: 0x000001df44b80000

Metaspace:

Usage:
  Non-class:     52.89 MB capacity,    51.65 MB ( 98%) used,  1018.85 KB (  2%) free+waste,   250.31 KB ( <1%) overhead. 
      Class:      7.68 MB capacity,     6.88 MB ( 90%) used,   698.85 KB (  9%) free+waste,   118.00 KB (  2%) overhead. 
       Both:     60.57 MB capacity,    58.53 MB ( 97%) used,     1.68 MB (  3%) free+waste,   368.31 KB ( <1%) overhead. 

Virtual space:
  Non-class space:       54.00 MB reserved,      52.92 MB ( 98%) committed 
      Class space:        1.00 GB reserved,       7.75 MB ( <1%) committed 
             Both:        1.05 GB reserved,      60.67 MB (  6%) committed 

Chunk freelists:
   Non-Class:  33.00 KB
       Class:  6.00 KB
        Both:  39.00 KB

MaxMetaspaceSize: 17179869184.00 GB
CompressedClassSpaceSize: 1.00 GB
Initial GC threshold: 20.80 MB
Current GC threshold: 98.46 MB
CDS: off

CodeHeap 'non-profiled nmethods': size=120064Kb used=3338Kb max_used=3338Kb free=116725Kb
 bounds [0x000001df570f0000, 0x000001df57440000, 0x000001df5e630000]
CodeHeap 'profiled nmethods': size=120000Kb used=15523Kb max_used=15523Kb free=104476Kb
 bounds [0x000001df4fbc0000, 0x000001df50af0000, 0x000001df570f0000]
CodeHeap 'non-nmethods': size=5696Kb used=1286Kb max_used=1311Kb free=4409Kb
 bounds [0x000001df4f630000, 0x000001df4f8a0000, 0x000001df4fbc0000]
 total_blobs=7743 nmethods=7162 adapters=493
 compilation: enabled
              stopped_count=0, restarted_count=0
 full_count=0

Compilation events (20 events):
Event: 1511.963 Thread 0x000001df63869800 nmethod 7301 0x000001df5742e490 code [0x000001df5742e640, 0x000001df5742eb78]
Event: 1528.123 Thread 0x000001df63869800 7302       4       org.bson.codecs.BsonTimestampCodec::decode (7 bytes)
Event: 1528.139 Thread 0x000001df63869800 nmethod 7302 0x000001df5742ed10 code [0x000001df5742ef20, 0x000001df5742f3c8]
Event: 1541.977 Thread 0x000001df63869800 7303       4       java.nio.ByteBuffer::array (35 bytes)
Event: 1541.979 Thread 0x000001df63869800 nmethod 7303 0x000001df5742f990 code [0x000001df5742fb20, 0x000001df5742fbb8]
Event: 1550.164 Thread 0x000001df63869800 7304   !   4       java.lang.ref.ReferenceQueue::poll (28 bytes)
Event: 1550.181 Thread 0x000001df63869800 nmethod 7304 0x000001df5742fc90 code [0x000001df5742fe40, 0x000001df57430468]
Event: 1572.006 Thread 0x000001df63869800 7305       4       java.util.Collections$UnmodifiableCollection::size (10 bytes)
Event: 1572.007 Thread 0x000001df63869800 nmethod 7305 0x000001df57430590 code [0x000001df57430720, 0x000001df574307b8]
Event: 1581.986 Thread 0x000001df63869800 7306       4       java.util.Collections$UnmodifiableCollection::<init> (22 bytes)
Event: 1581.991 Thread 0x000001df63869800 nmethod 7306 0x000001df57430890 code [0x000001df57430a20, 0x000001df57430b58]
Event: 1582.016 Thread 0x000001df63869800 7307       4       org.bson.BsonBoolean::getBsonType (4 bytes)
Event: 1582.036 Thread 0x000001df63869800 nmethod 7307 0x000001df57430c10 code [0x000001df57430da0, 0x000001df57430e18]
Event: 1660.252 Thread 0x000001df63869800 7308   !   4       java.util.concurrent.locks.AbstractQueuedSynchronizer::acquireQueued (74 bytes)
Event: 1660.269 Thread 0x000001df63869800 nmethod 7308 0x000001df57430f10 code [0x000001df574310e0, 0x000001df57431cc8]
Event: 1682.072 Thread 0x000001df63869800 7309       4       com.mongodb.ServerAddress::equals (60 bytes)
Event: 1682.075 Thread 0x000001df63869800 nmethod 7309 0x000001df57432090 code [0x000001df57432220, 0x000001df57432578]
Event: 1706.900 Thread 0x000001df63869800 7310       4       java.lang.Thread::interrupted (8 bytes)
Event: 1706.904 Thread 0x000001df63869800 nmethod 7310 0x000001df57432690 code [0x000001df57432820, 0x000001df574328a8]
Event: 1710.323 Thread 0x000001df63869800 7311       4       java.util.TreeMap::put (247 bytes)

GC Heap History (20 events):
Event: 7.327 GC heap before
{Heap before GC invocations=8 (full 0):
 garbage-first heap   total 65536K, used 31222K [0x00000000c1600000, 0x0000000100000000)
  region size 1024K, 26 young (26624K), 5 survivors (5120K)
 Metaspace       used 34764K, capacity 35740K, committed 35888K, reserved 1081344K
  class space    used 3951K, capacity 4369K, committed 4480K, reserved 1048576K
}
Event: 7.338 GC heap after
{Heap after GC invocations=9 (full 0):
 garbage-first heap   total 65536K, used 12678K [0x00000000c1600000, 0x0000000100000000)
  region size 1024K, 4 young (4096K), 4 survivors (4096K)
 Metaspace       used 34764K, capacity 35740K, committed 35888K, reserved 1081344K
  class space    used 3951K, capacity 4369K, committed 4480K, reserved 1048576K
}
Event: 8.476 GC heap before
{Heap before GC invocations=10 (full 0):
 garbage-first heap   total 65536K, used 43398K [0x00000000c1600000, 0x0000000100000000)
  region size 1024K, 34 young (34816K), 4 survivors (4096K)
 Metaspace       used 38008K, capacity 39122K, committed 39344K, reserved 1083392K
  class space    used 4357K, capacity 4815K, committed 4864K, reserved 1048576K
}
Event: 8.483 GC heap after
{Heap after GC invocations=11 (full 0):
 garbage-first heap   total 65536K, used 14487K [0x00000000c1600000, 0x0000000100000000)
  region size 1024K, 4 young (4096K), 4 survivors (4096K)
 Metaspace       used 38008K, capacity 39122K, committed 39344K, reserved 1083392K
  class space    used 4357K, capacity 4815K, committed 4864K, reserved 1048576K
}
Event: 9.199 GC heap before
{Heap before GC invocations=11 (full 0):
 garbage-first heap   total 65536K, used 45207K [0x00000000c1600000, 0x0000000100000000)
  region size 1024K, 34 young (34816K), 4 survivors (4096K)
 Metaspace       used 43586K, capacity 44903K, committed 44976K, reserved 1089536K
  class space    used 5101K, capacity 5631K, committed 5632K, reserved 1048576K
}
Event: 9.210 GC heap after
{Heap after GC invocations=12 (full 0):
 garbage-first heap   total 65536K, used 17999K [0x00000000c1600000, 0x0000000100000000)
  region size 1024K, 5 young (5120K), 5 survivors (5120K)
 Metaspace       used 43586K, capacity 44903K, committed 44976K, reserved 1089536K
  class space    used 5101K, capacity 5631K, committed 5632K, reserved 1048576K
}
Event: 10.207 GC heap before
{Heap before GC invocations=12 (full 0):
 garbage-first heap   total 65536K, used 46671K [0x00000000c1600000, 0x0000000100000000)
  region size 1024K, 34 young (34816K), 5 survivors (5120K)
 Metaspace       used 48181K, capacity 49722K, committed 49840K, reserved 1093632K
  class space    used 5678K, capacity 6287K, committed 6400K, reserved 1048576K
}
Event: 10.224 GC heap after
{Heap after GC invocations=13 (full 0):
 garbage-first heap   total 65536K, used 21248K [0x00000000c1600000, 0x0000000100000000)
  region size 1024K, 4 young (4096K), 4 survivors (4096K)
 Metaspace       used 48181K, capacity 49722K, committed 49840K, reserved 1093632K
  class space    used 5678K, capacity 6287K, committed 6400K, reserved 1048576K
}
Event: 11.286 GC heap before
{Heap before GC invocations=13 (full 0):
 garbage-first heap   total 65536K, used 47872K [0x00000000c1600000, 0x0000000100000000)
  region size 1024K, 31 young (31744K), 4 survivors (4096K)
 Metaspace       used 50335K, capacity 51972K, committed 52144K, reserved 1095680K
  class space    used 5967K, capacity 6650K, committed 6656K, reserved 1048576K
}
Event: 11.307 GC heap after
{Heap after GC invocations=14 (full 0):
 garbage-first heap   total 78848K, used 23759K [0x00000000c1600000, 0x0000000100000000)
  region size 1024K, 3 young (3072K), 3 survivors (3072K)
 Metaspace       used 50335K, capacity 51972K, committed 52144K, reserved 1095680K
  class space    used 5967K, capacity 6650K, committed 6656K, reserved 1048576K
}
Event: 13.063 GC heap before
{Heap before GC invocations=14 (full 0):
 garbage-first heap   total 78848K, used 56527K [0x00000000c1600000, 0x0000000100000000)
  region size 1024K, 35 young (35840K), 3 survivors (3072K)
 Metaspace       used 52679K, capacity 54454K, committed 54576K, reserved 1097728K
  class space    used 6284K, capacity 7023K, committed 7040K, reserved 1048576K
}
Event: 13.078 GC heap after
{Heap after GC invocations=15 (full 0):
 garbage-first heap   total 78848K, used 26445K [0x00000000c1600000, 0x0000000100000000)
  region size 1024K, 3 young (3072K), 3 survivors (3072K)
 Metaspace       used 52679K, capacity 54454K, committed 54576K, reserved 1097728K
  class space    used 6284K, capacity 7023K, committed 7040K, reserved 1048576K
}
Event: 25.347 GC heap before
{Heap before GC invocations=15 (full 0):
 garbage-first heap   total 78848K, used 58189K [0x00000000c1600000, 0x0000000100000000)
  region size 1024K, 34 young (34816K), 3 survivors (3072K)
 Metaspace       used 54393K, capacity 56229K, committed 56368K, reserved 1097728K
  class space    used 6490K, capacity 7249K, committed 7296K, reserved 1048576K
}
Event: 25.355 GC heap after
{Heap after GC invocations=16 (full 0):
 garbage-first heap   total 78848K, used 28966K [0x00000000c1600000, 0x0000000100000000)
  region size 1024K, 5 young (5120K), 5 survivors (5120K)
 Metaspace       used 54393K, capacity 56229K, committed 56368K, reserved 1097728K
  class space    used 6490K, capacity 7249K, committed 7296K, reserved 1048576K
}
Event: 32.000 GC heap before
{Heap before GC invocations=16 (full 0):
 garbage-first heap   total 78848K, used 49446K [0x00000000c1600000, 0x0000000100000000)
  region size 1024K, 27 young (27648K), 5 survivors (5120K)
 Metaspace       used 58215K, capacity 60164K, committed 60240K, reserved 1101824K
  class space    used 6941K, capacity 7755K, committed 7808K, reserved 1048576K
}
Event: 32.016 GC heap after
{Heap after GC invocations=17 (full 0):
 garbage-first heap   total 78848K, used 30360K [0x00000000c1600000, 0x0000000100000000)
  region size 1024K, 2 young (2048K), 2 survivors (2048K)
 Metaspace       used 58215K, capacity 60164K, committed 60240K, reserved 1101824K
  class space    used 6941K, capacity 7755K, committed 7808K, reserved 1048576K
}
Event: 492.385 GC heap before
{Heap before GC invocations=18 (full 0):
 garbage-first heap   total 78848K, used 58008K [0x00000000c1600000, 0x0000000100000000)
  region size 1024K, 29 young (29696K), 2 survivors (2048K)
 Metaspace       used 59711K, capacity 61705K, committed 61872K, reserved 1103872K
  class space    used 7048K, capacity 7866K, committed 7936K, reserved 1048576K
}
Event: 492.464 GC heap after
{Heap after GC invocations=19 (full 0):
 garbage-first heap   total 78848K, used 30522K [0x00000000c1600000, 0x0000000100000000)
  region size 1024K, 2 young (2048K), 2 survivors (2048K)
 Metaspace       used 59711K, capacity 61705K, committed 61872K, reserved 1103872K
  class space    used 7048K, capacity 7866K, committed 7936K, reserved 1048576K
}
Event: 1161.677 GC heap before
{Heap before GC invocations=19 (full 0):
 garbage-first heap   total 78848K, used 59194K [0x00000000c1600000, 0x0000000100000000)
  region size 1024K, 30 young (30720K), 2 survivors (2048K)
 Metaspace       used 59888K, capacity 61961K, committed 62128K, reserved 1103872K
  class space    used 7048K, capacity 7866K, committed 7936K, reserved 1048576K
}
Event: 1161.695 GC heap after
{Heap after GC invocations=20 (full 0):
 garbage-first heap   total 78848K, used 30498K [0x00000000c1600000, 0x0000000100000000)
  region size 1024K, 2 young (2048K), 2 survivors (2048K)
 Metaspace       used 59888K, capacity 61961K, committed 62128K, reserved 1103872K
  class space    used 7048K, capacity 7866K, committed 7936K, reserved 1048576K
}

Deoptimization events (20 events):
Event: 67.824 Thread 0x000001df64da4800 Uncommon trap: trap_request=0xffffff4d fr.pc=0x000001df5717382c relative=0x000000000000028c
Event: 67.824 Thread 0x000001df64da4800 Uncommon trap: reason=unstable_if action=reinterpret pc=0x000001df5717382c method=java.util.concurrent.ConcurrentHashMap$Traverser.advance()Ljava/util/concurrent/ConcurrentHashMap$Node; @ 84 c2
Event: 67.824 Thread 0x000001df64da4800 DEOPT PACKING pc=0x000001df5717382c sp=0x0000004a115fb090
Event: 67.824 Thread 0x000001df64da4800 DEOPT UNPACKING pc=0x000001df4f67a1af sp=0x0000004a115fb040 mode 2
Event: 91.004 Thread 0x000001df67a88000 DEOPT PACKING pc=0x000001df5078f838 sp=0x0000004a136fdf00
Event: 91.004 Thread 0x000001df67a88000 DEOPT UNPACKING pc=0x000001df4f67a95e sp=0x0000004a136fd410 mode 0
Event: 100.975 Thread 0x000001df64d9a000 Uncommon trap: trap_request=0xffffff4d fr.pc=0x000001df573c3604 relative=0x00000000000001c4
Event: 100.975 Thread 0x000001df64d9a000 Uncommon trap: reason=unstable_if action=reinterpret pc=0x000001df573c3604 method=com.sun.crypto.provider.CounterMode.increment([B)V @ 18 c2
Event: 100.975 Thread 0x000001df64d9a000 DEOPT PACKING pc=0x000001df573c3604 sp=0x0000004a129f9310
Event: 100.975 Thread 0x000001df64d9a000 DEOPT UNPACKING pc=0x000001df4f67a1af sp=0x0000004a129f9290 mode 2
Event: 100.975 Thread 0x000001df64d9a000 Uncommon trap: trap_request=0xffffff4d fr.pc=0x000001df573bfe68 relative=0x0000000000000228
Event: 100.975 Thread 0x000001df64d9a000 Uncommon trap: reason=unstable_if action=reinterpret pc=0x000001df573bfe68 method=com.sun.crypto.provider.CounterMode.increment([B)V @ 18 c2
Event: 100.975 Thread 0x000001df64d9a000 DEOPT PACKING pc=0x000001df573bfe68 sp=0x0000004a129f9310
Event: 100.975 Thread 0x000001df64d9a000 DEOPT UNPACKING pc=0x000001df4f67a1af sp=0x0000004a129f9290 mode 2
Event: 161.060 Thread 0x000001df67a88000 DEOPT PACKING pc=0x000001df50850538 sp=0x0000004a136fde90
Event: 161.060 Thread 0x000001df67a88000 DEOPT UNPACKING pc=0x000001df4f67a95e sp=0x0000004a136fd3a0 mode 0
Event: 1023.652 Thread 0x000001df67a8e800 DEOPT PACKING pc=0x000001df5073a25d sp=0x0000004a137fe510
Event: 1023.653 Thread 0x000001df67a8e800 DEOPT UNPACKING pc=0x000001df4f67a95e sp=0x0000004a137fd980 mode 0
Event: 1356.374 Thread 0x000001df67a8d000 DEOPT PACKING pc=0x000001df5095b3ac sp=0x0000004a133fdd70
Event: 1356.378 Thread 0x000001df67a8d000 DEOPT UNPACKING pc=0x000001df4f67a95e sp=0x0000004a133fd220 mode 0

Classes redefined (0 events):
No events

Internal exceptions (20 events):
Event: 13.765 Thread 0x000001df644b6000 Exception <a 'java/lang/ClassNotFoundException'{0x00000000c48bb1f0}: java/util/EventListenerCustomizer> (0x00000000c48bb1f0) thrown at [./src/hotspot/share/classfile/systemDictionary.cpp, line 234]
Event: 13.766 Thread 0x000001df644b6000 Exception <a 'java/lang/ClassNotFoundException'{0x00000000c48c6848}: org/springframework/context/ApplicationContextAwareCustomizer> (0x00000000c48c6848) thrown at [./src/hotspot/share/classfile/systemDictionary.cpp, line 234]
Event: 13.766 Thread 0x000001df644b6000 Exception <a 'java/lang/ClassNotFoundException'{0x00000000c48d2000}: org/springframework/beans/factory/AwareCustomizer> (0x00000000c48d2000) thrown at [./src/hotspot/share/classfile/systemDictionary.cpp, line 234]
Event: 13.767 Thread 0x000001df644b6000 Exception <a 'java/lang/ClassNotFoundException'{0x00000000c48d7b20}: java/lang/ObjectCustomizer> (0x00000000c48d7b20) thrown at [./src/hotspot/share/classfile/systemDictionary.cpp, line 234]
Event: 13.768 Thread 0x000001df644b6000 Exception <a 'java/lang/ClassNotFoundException'{0x00000000c48e8808}: org/springframework/boot/devtools/autoconfigure/LocalDevToolsAutoConfigurationCustomizer> (0x00000000c48e8808) thrown at [./src/hotspot/share/classfile/systemDictionary.cpp, line 234]
Event: 13.786 Thread 0x000001df644b6000 Exception <a 'java/lang/NoSuchMethodError'{0x00000000c4777730}: 'java.lang.Object java.lang.invoke.DirectMethodHandle$Holder.invokeSpecial(java.lang.Object, java.lang.Object, int, java.lang.Object, int, java.lang.Object)'> (0x00000000c4777730) thrown at [./src/hotspot/share/interpreter/linkResolver.cpp, line 773]
Event: 13.787 Thread 0x000001df644b6000 Exception <a 'java/lang/NoSuchMethodError'{0x00000000c477eec0}: 'java.lang.Object java.lang.invoke.DirectMethodHandle$Holder.invokeStatic(java.lang.Object, java.lang.Object, int, java.lang.Object, int)'> (0x00000000c477eec0) thrown at [./src/hotspot/share/interpreter/linkResolver.cpp, line 773]
Event: 13.787 Thread 0x000001df644b6000 Exception <a 'java/lang/NoSuchMethodError'{0x00000000c4782910}: 'java.lang.Object java.lang.invoke.DirectMethodHandle$Holder.invokeSpecial(java.lang.Object, java.lang.Object, java.lang.Object, int, java.lang.Object, int)'> (0x00000000c4782910) thrown at [./src/hotspot/share/interpreter/linkResolver.cpp, line 773]
Event: 25.604 Thread 0x000001df64d9a000 Exception <a 'java/lang/NoSuchMethodError'{0x00000000c59b9fc0}: 'java.lang.Object java.lang.invoke.DirectMethodHandle$Holder.invokeInterface(java.lang.Object, java.lang.Object, int)'> (0x00000000c59b9fc0) thrown at [./src/hotspot/share/interpreter/linkResolver.cpp, line 773]
Event: 25.630 Thread 0x000001df64d9a000 Exception <a 'java/lang/NoSuchMethodError'{0x00000000c58d7c70}: 'java.lang.Object java.lang.invoke.DirectMethodHandle$Holder.invokeStatic(java.lang.Object, int, java.lang.Object, java.lang.Object)'> (0x00000000c58d7c70) thrown at [./src/hotspot/share/interpreter/linkResolver.cpp, line 773]
Event: 25.641 Thread 0x000001df64d9a000 Exception <a 'java/lang/reflect/InvocationTargetException'{0x00000000c5745eb0}> (0x00000000c5745eb0) thrown at [./src/hotspot/share/runtime/reflection.cpp, line 1247]
Event: 26.366 Thread 0x000001df64d9a000 Exception <a 'java/lang/NoSuchMethodError'{0x00000000c5420fd8}: 'java.lang.Object java.lang.invoke.DirectMethodHandle$Holder.invokeVirtual(java.lang.Object, java.lang.Object, java.lang.Object, java.lang.Object, java.lang.Object)'> (0x00000000c5420fd8) thrown at [./src/hotspot/share/interpreter/linkResolver.cpp, line 773]
Event: 26.392 Thread 0x000001df64d9a000 Exception <a 'java/lang/NoSuchMethodError'{0x00000000c53516a8}: 'void java.lang.invoke.Invokers$Holder.invoke_MT(java.lang.Object, java.lang.Object, java.lang.Object, java.lang.Object)'> (0x00000000c53516a8) thrown at [./src/hotspot/share/interpreter/linkResolver.cpp, line 773]
Event: 31.988 Thread 0x000001df64d9d000 Implicit null exception at 0x000001df5721d757 to 0x000001df5721d93c
Event: 31.989 Thread 0x000001df64d9d000 Exception <a 'java/lang/NoSuchMethodError'{0x00000000c4d28750}: 'double java.lang.invoke.DelegatingMethodHandle$Holder.reinvoke_L(java.lang.Object, java.lang.Object, int)'> (0x00000000c4d28750) thrown at [./src/hotspot/share/interpreter/linkResolver.cpp, line 773]
Event: 31.989 Thread 0x000001df64d9d000 Exception <a 'java/lang/NoSuchMethodError'{0x00000000c4d31510}: 'void java.lang.invoke.DelegatingMethodHandle$Holder.reinvoke_L(java.lang.Object, java.lang.Object, double)'> (0x00000000c4d31510) thrown at [./src/hotspot/share/interpreter/linkResolver.cpp, line 773]
Event: 31.991 Thread 0x000001df64d9d000 Exception <a 'java/lang/NoSuchMethodError'{0x00000000c4d48ed0}: 'void java.lang.invoke.DelegatingMethodHandle$Holder.reinvoke_L(java.lang.Object, java.lang.Object, int)'> (0x00000000c4d48ed0) thrown at [./src/hotspot/share/interpreter/linkResolver.cpp, line 773]
Event: 67.816 Thread 0x000001df64da4800 Exception <a 'java/lang/NoSuchMethodError'{0x00000000c5d3e268}: 'java.lang.Object java.lang.invoke.Invokers$Holder.invoke_MT(java.lang.Object, java.lang.Object, java.lang.Object)'> (0x00000000c5d3e268) thrown at [./src/hotspot/share/interpreter/linkResolver.cpp, line 773]
Event: 67.822 Thread 0x000001df64da4800 Exception <a 'java/lang/NoSuchMethodError'{0x00000000c5d69e80}: 'double java.lang.invoke.DelegatingMethodHandle$Holder.reinvoke_L(java.lang.Object, java.lang.Object)'> (0x00000000c5d69e80) thrown at [./src/hotspot/share/interpreter/linkResolver.cpp, line 773]
Event: 67.824 Thread 0x000001df64da4800 Implicit null exception at 0x000001df571ce8dd to 0x000001df571ce996

Events (20 events):
Event: 174.603 loading class org/springframework/data/domain/Sort$Order
Event: 174.603 loading class org/springframework/data/domain/Sort$Order done
Event: 174.603 loading class org/springframework/data/domain/Sort$Order
Event: 174.603 loading class org/springframework/data/domain/Sort$Order done
Event: 174.604 loading class org/bson/Document
Event: 174.604 loading class org/bson/Document done
Event: 174.604 loading class org/bson/Document
Event: 174.604 loading class org/bson/Document done
Event: 174.604 loading class org/springframework/data/mongodb/core/mapping/MongoPersistentEntity
Event: 174.604 loading class org/springframework/data/mongodb/core/mapping/MongoPersistentEntity done
Event: 174.604 loading class org/springframework/data/mongodb/core/convert/QueryMapper
Event: 174.604 loading class org/springframework/data/mongodb/core/convert/QueryMapper done
Event: 188.181 Executing VM operation: RevokeBias
Event: 188.181 Executing VM operation: RevokeBias done
Event: 492.384 Executing VM operation: G1CollectForAllocation
Event: 492.464 Executing VM operation: G1CollectForAllocation done
Event: 1161.677 Executing VM operation: G1CollectForAllocation
Event: 1161.695 Executing VM operation: G1CollectForAllocation done
Event: 1501.995 loading class org/slf4j/Marker
Event: 1501.995 loading class org/slf4j/Marker done


Dynamic libraries:
0x00007ff786b20000 - 0x00007ff786b2d000 	C:\Users\Lenovo\AppData\Local\Java\zulu11.52.13-ca-jdk11.0.13-win_x64\zulu11.52.13-ca-jdk11.0.13-win_x64\bin\java.exe
0x00007ff803a10000 - 0x00007ff803c05000 	C:\WINDOWS\SYSTEM32\ntdll.dll
0x00007ff803860000 - 0x00007ff80391e000 	C:\WINDOWS\System32\KERNEL32.DLL
0x00007ff8013a0000 - 0x00007ff801668000 	C:\WINDOWS\System32\KERNELBASE.dll
0x00007ff801910000 - 0x00007ff801a10000 	C:\WINDOWS\System32\ucrtbase.dll
0x00007fffeebc0000 - 0x00007fffeebd7000 	C:\Users\Lenovo\AppData\Local\Java\zulu11.52.13-ca-jdk11.0.13-win_x64\zulu11.52.13-ca-jdk11.0.13-win_x64\bin\jli.dll
0x00007fffeea40000 - 0x00007fffeea55000 	C:\Users\Lenovo\AppData\Local\Java\zulu11.52.13-ca-jdk11.0.13-win_x64\zulu11.52.13-ca-jdk11.0.13-win_x64\bin\VCRUNTIME140.dll
0x00007ff803350000 - 0x00007ff8034f1000 	C:\WINDOWS\System32\USER32.dll
0x00007ff801310000 - 0x00007ff801332000 	C:\WINDOWS\System32\win32u.dll
0x00007ff8030c0000 - 0x00007ff8030eb000 	C:\WINDOWS\System32\GDI32.dll
0x00007fffefc60000 - 0x00007fffefefa000 	C:\WINDOWS\WinSxS\amd64_microsoft.windows.common-controls_6595b64144ccf1df_6.0.19041.1110_none_60b5254171f9507e\COMCTL32.dll
0x00007ff8017d0000 - 0x00007ff8018db000 	C:\WINDOWS\System32\gdi32full.dll
0x00007ff8021f0000 - 0x00007ff80228e000 	C:\WINDOWS\System32\msvcrt.dll
0x00007ff801130000 - 0x00007ff8011cd000 	C:\WINDOWS\System32\msvcp_win.dll
0x00007ff802000000 - 0x00007ff802030000 	C:\WINDOWS\System32\IMM32.DLL
0x00007fffd4090000 - 0x00007fffd412b000 	C:\Users\Lenovo\AppData\Local\Java\zulu11.52.13-ca-jdk11.0.13-win_x64\zulu11.52.13-ca-jdk11.0.13-win_x64\bin\msvcp140.dll
0x00007fffc3940000 - 0x00007fffc44ca000 	C:\Users\Lenovo\AppData\Local\Java\zulu11.52.13-ca-jdk11.0.13-win_x64\zulu11.52.13-ca-jdk11.0.13-win_x64\bin\server\jvm.dll
0x00007ff8023a0000 - 0x00007ff80244c000 	C:\WINDOWS\System32\ADVAPI32.dll
0x00007ff802290000 - 0x00007ff80232b000 	C:\WINDOWS\System32\sechost.dll
0x00007ff8030f0000 - 0x00007ff80321a000 	C:\WINDOWS\System32\RPCRT4.dll
0x00007ff802120000 - 0x00007ff802128000 	C:\WINDOWS\System32\PSAPI.DLL
0x00007ffffa420000 - 0x00007ffffa429000 	C:\WINDOWS\SYSTEM32\WSOCK32.dll
0x00007ff802330000 - 0x00007ff80239b000 	C:\WINDOWS\System32\WS2_32.dll
0x00007fffea6e0000 - 0x00007fffea707000 	C:\WINDOWS\SYSTEM32\WINMM.dll
0x00007ffff3630000 - 0x00007ffff363a000 	C:\WINDOWS\SYSTEM32\VERSION.dll
0x00007fffff9a0000 - 0x00007fffff9b2000 	C:\WINDOWS\SYSTEM32\kernel.appcore.dll
0x00007ffff9c70000 - 0x00007ffff9c80000 	C:\Users\Lenovo\AppData\Local\Java\zulu11.52.13-ca-jdk11.0.13-win_x64\zulu11.52.13-ca-jdk11.0.13-win_x64\bin\verify.dll
0x00007ffffef30000 - 0x00007fffff114000 	C:\WINDOWS\SYSTEM32\DBGHELP.DLL
0x00007fffea6a0000 - 0x00007fffea6cc000 	C:\WINDOWS\SYSTEM32\dbgcore.DLL
0x00007ff8011d0000 - 0x00007ff801253000 	C:\WINDOWS\System32\bcryptPrimitives.dll
0x00007fffda880000 - 0x00007fffda8a8000 	C:\Users\Lenovo\AppData\Local\Java\zulu11.52.13-ca-jdk11.0.13-win_x64\zulu11.52.13-ca-jdk11.0.13-win_x64\bin\java.dll
0x00007ffff2d90000 - 0x00007ffff2d9a000 	C:\Users\Lenovo\AppData\Local\Java\zulu11.52.13-ca-jdk11.0.13-win_x64\zulu11.52.13-ca-jdk11.0.13-win_x64\bin\jimage.dll
0x00007fffee930000 - 0x00007fffee947000 	C:\Users\Lenovo\AppData\Local\Java\zulu11.52.13-ca-jdk11.0.13-win_x64\zulu11.52.13-ca-jdk11.0.13-win_x64\bin\zip.dll
0x00007ff802500000 - 0x00007ff802c3f000 	C:\WINDOWS\System32\SHELL32.dll
0x00007fffff200000 - 0x00007fffff990000 	C:\WINDOWS\SYSTEM32\windows.storage.dll
0x00007ff801a60000 - 0x00007ff801db5000 	C:\WINDOWS\System32\combase.dll
0x00007ff800b80000 - 0x00007ff800bae000 	C:\WINDOWS\SYSTEM32\Wldp.dll
0x00007ff801e20000 - 0x00007ff801ecd000 	C:\WINDOWS\System32\SHCORE.dll
0x00007ff802030000 - 0x00007ff802085000 	C:\WINDOWS\System32\shlwapi.dll
0x00007ff801070000 - 0x00007ff80108f000 	C:\WINDOWS\SYSTEM32\profapi.dll
0x00007fffe8180000 - 0x00007fffe8199000 	C:\Users\Lenovo\AppData\Local\Java\zulu11.52.13-ca-jdk11.0.13-win_x64\zulu11.52.13-ca-jdk11.0.13-win_x64\bin\net.dll
0x00007fffef500000 - 0x00007fffef60c000 	C:\WINDOWS\SYSTEM32\WINHTTP.dll
0x00007ff8008e0000 - 0x00007ff80094a000 	C:\WINDOWS\system32\mswsock.dll
0x00007fffe28c0000 - 0x00007fffe28d2000 	C:\Users\Lenovo\AppData\Local\Java\zulu11.52.13-ca-jdk11.0.13-win_x64\zulu11.52.13-ca-jdk11.0.13-win_x64\bin\nio.dll
0x00007fffef3f0000 - 0x00007fffef3f9000 	C:\Users\Lenovo\AppData\Local\Java\zulu11.52.13-ca-jdk11.0.13-win_x64\zulu11.52.13-ca-jdk11.0.13-win_x64\bin\management.dll
0x00007fffef2b0000 - 0x00007fffef2bb000 	C:\Users\Lenovo\AppData\Local\Java\zulu11.52.13-ca-jdk11.0.13-win_x64\zulu11.52.13-ca-jdk11.0.13-win_x64\bin\management_ext.dll
0x00007fffe8ab0000 - 0x00007fffe8ac7000 	C:\WINDOWS\system32\napinsp.dll
0x00007fffe8a90000 - 0x00007fffe8aab000 	C:\WINDOWS\system32\pnrpnsp.dll
0x00007fffe8a70000 - 0x00007fffe8a85000 	C:\WINDOWS\system32\wshbth.dll
0x00007ffffb8b0000 - 0x00007ffffb8cd000 	C:\WINDOWS\system32\NLAapi.dll
0x00007ff800580000 - 0x00007ff8005bb000 	C:\WINDOWS\SYSTEM32\IPHLPAPI.DLL
0x00007ff8005c0000 - 0x00007ff80068b000 	C:\WINDOWS\SYSTEM32\DNSAPI.dll
0x00007ff802450000 - 0x00007ff802458000 	C:\WINDOWS\System32\NSI.dll
0x00007fffe7fc0000 - 0x00007fffe7fd2000 	C:\WINDOWS\System32\winrnr.dll
0x00007fffee580000 - 0x00007fffee58a000 	C:\Windows\System32\rasadhlp.dll
0x00007fffee730000 - 0x00007fffee7af000 	C:\WINDOWS\System32\fwpuclnt.dll
0x00007ff8018e0000 - 0x00007ff801907000 	C:\WINDOWS\System32\bcrypt.dll
0x00007ff800ad0000 - 0x00007ff800ae8000 	C:\WINDOWS\SYSTEM32\CRYPTSP.dll
0x00007ff8001f0000 - 0x00007ff800224000 	C:\WINDOWS\system32\rsaenh.dll
0x00007ff800ff0000 - 0x00007ff80101e000 	C:\WINDOWS\SYSTEM32\USERENV.dll
0x00007ff800af0000 - 0x00007ff800afc000 	C:\WINDOWS\SYSTEM32\CRYPTBASE.dll
0x00007ffff3610000 - 0x00007ffff3627000 	C:\WINDOWS\SYSTEM32\dhcpcsvc6.DLL
0x00007ffff3710000 - 0x00007ffff372d000 	C:\WINDOWS\SYSTEM32\dhcpcsvc.DLL
0x00007fffef020000 - 0x00007fffef02e000 	C:\Users\Lenovo\AppData\Local\Java\zulu11.52.13-ca-jdk11.0.13-win_x64\zulu11.52.13-ca-jdk11.0.13-win_x64\bin\sunmscapi.dll
0x00007ff801670000 - 0x00007ff8017c6000 	C:\WINDOWS\System32\CRYPT32.dll
0x00007ff800bf0000 - 0x00007ff800c17000 	C:\WINDOWS\SYSTEM32\ncrypt.dll
0x00007ff800bb0000 - 0x00007ff800beb000 	C:\WINDOWS\SYSTEM32\NTASN1.dll
0x00007fffd4290000 - 0x00007fffd42b5000 	C:\Users\Lenovo\AppData\Local\Java\zulu11.52.13-ca-jdk11.0.13-win_x64\zulu11.52.13-ca-jdk11.0.13-win_x64\bin\sunec.dll

dbghelp: loaded successfully - version: 4.0.5 - missing functions: none
symbol engine: initialized successfully - sym options: 0x614 - pdb path: .;C:\Users\Lenovo\AppData\Local\Java\zulu11.52.13-ca-jdk11.0.13-win_x64\zulu11.52.13-ca-jdk11.0.13-win_x64\bin;C:\WINDOWS\SYSTEM32;C:\WINDOWS\WinSxS\amd64_microsoft.windows.common-controls_6595b64144ccf1df_6.0.19041.1110_none_60b5254171f9507e;C:\Users\Lenovo\AppData\Local\Java\zulu11.52.13-ca-jdk11.0.13-win_x64\zulu11.52.13-ca-jdk11.0.13-win_x64\bin\server

VM Arguments:
java_command: Reto2_Web.Reto2WebApplication
java_class_path (initial): C:\Users\Lenovo\Desktop\CICLO4\Reto2_Web\target\classes;C:\Users\Lenovo\.m2\repository\org\springframework\boot\spring-boot-starter-data-mongodb\2.6.0\spring-boot-starter-data-mongodb-2.6.0.jar;C:\Users\Lenovo\.m2\repository\org\springframework\boot\spring-boot-starter\2.6.0\spring-boot-starter-2.6.0.jar;C:\Users\Lenovo\.m2\repository\org\springframework\boot\spring-boot-starter-logging\2.6.0\spring-boot-starter-logging-2.6.0.jar;C:\Users\Lenovo\.m2\repository\ch\qos\logback\logback-classic\1.2.7\logback-classic-1.2.7.jar;C:\Users\Lenovo\.m2\repository\ch\qos\logback\logback-core\1.2.7\logback-core-1.2.7.jar;C:\Users\Lenovo\.m2\repository\org\apache\logging\log4j\log4j-to-slf4j\2.14.1\log4j-to-slf4j-2.14.1.jar;C:\Users\Lenovo\.m2\repository\org\apache\logging\log4j\log4j-api\2.14.1\log4j-api-2.14.1.jar;C:\Users\Lenovo\.m2\repository\org\slf4j\jul-to-slf4j\1.7.32\jul-to-slf4j-1.7.32.jar;C:\Users\Lenovo\.m2\repository\jakarta\annotation\jakarta.annotation-api\1.3.5\jakarta.annotation-api-1.3.5.jar;C:\Users\Lenovo\.m2\repository\org\yaml\snakeyaml\1.29\snakeyaml-1.29.jar;C:\Users\Lenovo\.m2\repository\org\mongodb\mongodb-driver-sync\4.4.0\mongodb-driver-sync-4.4.0.jar;C:\Users\Lenovo\.m2\repository\org\mongodb\bson\4.4.0\bson-4.4.0.jar;C:\Users\Lenovo\.m2\repository\org\mongodb\mongodb-driver-core\4.4.0\mongodb-driver-core-4.4.0.jar;C:\Users\Lenovo\.m2\repository\org\springframework\data\spring-data-mongodb\3.3.0\spring-data-mongodb-3.3.0.jar;C:\Users\Lenovo\.m2\repository\org\springframework\spring-tx\5.3.13\spring-tx-5.3.13.jar;C:\Users\Lenovo\.m2\repository\org\springframework\spring-context\5.3.13\spring-context-5.3.13.jar;C:\Users\Lenovo\.m2\repository\org\springframework\spring-beans\5.3.13\spring-beans-5.3.13.jar;C:\Users\Lenovo\.m2\repository\org\springframework\spring-expression\5.3.13\spring-expression-5.3.13.jar;C:\Users\Lenovo\.m2\repository\org\springframework\data\spring-data-commons\2.6.0\spring-data-commons-2.6.0.jar;C:\User
Launcher Type: SUN_STANDARD

[Global flags]
     intx CICompilerCount                          = 3                                         {product} {ergonomic}
     uint ConcGCThreads                            = 1                                         {product} {ergonomic}
     uint G1ConcRefinementThreads                  = 4                                         {product} {ergonomic}
   size_t G1HeapRegionSize                         = 1048576                                   {product} {ergonomic}
    uintx GCDrainStackTargetSize                   = 64                                        {product} {ergonomic}
   size_t InitialHeapSize                          = 67108864                                  {product} {ergonomic}
   size_t MarkStackSize                            = 4194304                                   {product} {ergonomic}
   size_t MaxHeapSize                              = 1050673152                                {product} {ergonomic}
   size_t MaxNewSize                               = 630194176                                 {product} {ergonomic}
   size_t MinHeapDeltaBytes                        = 1048576                                   {product} {ergonomic}
    uintx NonNMethodCodeHeapSize                   = 5830732                                {pd product} {ergonomic}
    uintx NonProfiledCodeHeapSize                  = 122913754                              {pd product} {ergonomic}
    uintx ProfiledCodeHeapSize                     = 122913754                              {pd product} {ergonomic}
    uintx ReservedCodeCacheSize                    = 251658240                              {pd product} {ergonomic}
     bool SegmentedCodeCache                       = true                                      {product} {ergonomic}
     bool UseCompressedClassPointers               = true                                 {lp64_product} {ergonomic}
     bool UseCompressedOops                        = true                                 {lp64_product} {ergonomic}
     bool UseG1GC                                  = true                                      {product} {ergonomic}
     bool UseLargePagesIndividualAllocation        = false                                  {pd product} {ergonomic}

Logging:
Log output configuration:
 #0: stdout all=warning uptime,level,tags
 #1: stderr all=off uptime,level,tags

Environment Variables:
JAVA_HOME=C:\Users\Lenovo\AppData\Local\Java\zulu11.52.13-ca-jdk11.0.13-win_x64\zulu11.52.13-ca-jdk11.0.13-win_x64
PATH=C:\Python310\Scripts\;C:\Python310\;C:\Program Files\Common Files\Oracle\Java\javapath;C:\Program Files\Eclipse Foundation\jdk-11.0.12.7-hotspot\bin;C:\Program Files (x86)\Common Files\Oracle\Java\javapath;C:\WINDOWS\system32;C:\WINDOWS;C:\WINDOWS\System32\Wbem;C:\WINDOWS\System32\WindowsPowerShell\v1.0\;C:\WINDOWS\System32\OpenSSH\;C:\Program Files\Git\cmd;C:\Program Files\MongoDB\Server\5.0\bin;C:\Program Files\nodejs\;C:\ProgramData\chocolatey\bin;C:\Program Files\MySQL\MySQL Shell 8.0\bin\;C:\Users\Lenovo\AppData\Local\Programs\Python\Python39\Scripts\;C:\Users\Lenovo\AppData\Local\Programs\Python\Python39\;C:\Users\Lenovo\AppData\Local\Microsoft\WindowsApps;C:\Users\Lenovo\AppData\Local\Programs\Microsoft VS Code\bin;C:\Users\Lenovo\AppData\Local\GitHubDesktop\bin;C:\Users\Lenovo\AppData\Roaming\npm
USERNAME=Lenovo
OS=Windows_NT
PROCESSOR_IDENTIFIER=Intel64 Family 6 Model 142 Stepping 10, GenuineIntel



---------------  S Y S T E M  ---------------

OS: Windows 10 , 64 bit Build 19041 (10.0.19041.1348)
OS uptime: 0 days 1:49 hours

CPU:total 4 (initial active 4) (2 cores per cpu, 2 threads per core) family 6 model 142 stepping 10 microcode 0xb4, cmov, cx8, fxsr, mmx, sse, sse2, sse3, ssse3, sse4.1, sse4.2, popcnt, avx, avx2, aes, clmul, erms, 3dnowpref, lzcnt, ht, tsc, tscinvbit, bmi1, bmi2, adx, fma

Memory: 4k page, system-wide physical 4001M (256M free)
TotalPageFile size 7501M (AvailPageFile size 22M)
current process WorkingSet (physical memory assigned to process): 50M, peak: 204M
current process commit charge ("private bytes"): 253M, peak: 262M

vm_info: OpenJDK 64-Bit Server VM (11.0.13+8-LTS) for windows-amd64 JRE (Zulu11.52+13-CA) (11.0.13+8-LTS), built on Oct  7 2021 16:00:23 by "zulu_re" with MS VC++ 15.9 (VS2017)

END.
