#
# There is insufficient memory for the Java Runtime Environment to continue.
# Native memory allocation (malloc) failed to allocate 1074816 bytes for Chunk::new
# Possible reasons:
#   The system is out of physical RAM or swap space
#   The process is running with CompressedOops enabled, and the Java Heap may be blocking the growth of the native heap
# Possible solutions:
#   Reduce memory load on the system
#   Increase physical memory or swap space
#   Check if swap backing store is full
#   Decrease Java heap size (-Xmx/-Xms)
#   Decrease number of Java threads
#   Decrease Java thread stack sizes (-Xss)
#   Set larger code cache with -XX:ReservedCodeCacheSize=
#   JVM is running with Unscaled Compressed Oops mode in which the Java heap is
#     placed in the first 4GB address space. The Java Heap base address is the
#     maximum limit for the native heap growth. Please use -XX:HeapBaseMinAddress
#     to set the Java Heap base and to place the Java Heap above 4GB virtual address.
# This output file may be truncated or incomplete.
#
#  Out of Memory Error (./src/hotspot/share/memory/arena.cpp:197), pid=7820, tid=9464
#
# JRE version: OpenJDK Runtime Environment Zulu11.52+13-CA (11.0.13+8) (build 11.0.13+8-LTS)
# Java VM: OpenJDK 64-Bit Server VM Zulu11.52+13-CA (11.0.13+8-LTS, mixed mode, tiered, compressed oops, g1 gc, windows-amd64)
# No core dump will be written. Minidumps are not enabled by default on client versions of Windows
#

---------------  S U M M A R Y ------------

Command Line: C:\Users\Lenovo\AppData\Local\Temp\surefire15228362035059333480\surefirebooter17294431949993623994.jar C:\Users\Lenovo\AppData\Local\Temp\surefire15228362035059333480 2021-12-14T17-16-24_151-jvmRun1 surefire14992611516047371774tmp surefire_016344056150169006966tmp

Host: Intel(R) Core(TM) i3-8130U CPU @ 2.20GHz, 4 cores, 3G,  Windows 10 , 64 bit Build 19041 (10.0.19041.1348)
Time: Tue Dec 14 17:16:29 2021 Hora est. Pacífico, Sudamérica elapsed time: 3.514290 seconds (0d 0h 0m 3s)

---------------  T H R E A D  ---------------

Current thread (0x000001947c685000):  JavaThread "C2 CompilerThread0" daemon [_thread_in_native, id=9464, stack(0x000000155da00000,0x000000155db00000)]


Current CompileTask:
C2:   3514 1993       4       java.lang.invoke.LambdaForm$Name::replaceNames (174 bytes)

Stack: [0x000000155da00000,0x000000155db00000]
Native frames: (J=compiled Java code, j=interpreted, Vv=VM code, C=native code)
V  [jvm.dll+0x62373a]
V  [jvm.dll+0x7b0769]
V  [jvm.dll+0x7b1e2f]
V  [jvm.dll+0x7b2503]
V  [jvm.dll+0x253658]
V  [jvm.dll+0xc260c]
V  [jvm.dll+0xc2bcc]
V  [jvm.dll+0x2c5604]
V  [jvm.dll+0x532819]
V  [jvm.dll+0x210f1d]
V  [jvm.dll+0x20ac04]
V  [jvm.dll+0x207bab]
V  [jvm.dll+0x18a031]
V  [jvm.dll+0x2176e9]
V  [jvm.dll+0x2158db]
V  [jvm.dll+0x7730a0]
V  [jvm.dll+0x76c004]
V  [jvm.dll+0x6225d6]
C  [ucrtbase.dll+0x21bb2]
C  [KERNEL32.DLL+0x17034]
C  [ntdll.dll+0x52651]


---------------  P R O C E S S  ---------------

Threads class SMR info:
_java_thread_list=0x000001947dcff1d0, length=13, elements={
0x000001945db55800, 0x000001947c66a000, 0x000001947c675000, 0x000001947c6db800,
0x000001947c6dc800, 0x000001947c682000, 0x000001947c685000, 0x000001947c6e1800,
0x000001947c6eb000, 0x000001947c96f800, 0x000001947ca9b000, 0x000001947cb45800,
0x000001947db67800
}

Java Threads: ( => current thread )
  0x000001945db55800 JavaThread "main" [_thread_in_vm, id=11952, stack(0x000000155ce00000,0x000000155cf00000)]
  0x000001947c66a000 JavaThread "Reference Handler" daemon [_thread_blocked, id=15036, stack(0x000000155d500000,0x000000155d600000)]
  0x000001947c675000 JavaThread "Finalizer" daemon [_thread_blocked, id=9416, stack(0x000000155d600000,0x000000155d700000)]
  0x000001947c6db800 JavaThread "Signal Dispatcher" daemon [_thread_blocked, id=15064, stack(0x000000155d700000,0x000000155d800000)]
  0x000001947c6dc800 JavaThread "Attach Listener" daemon [_thread_blocked, id=15344, stack(0x000000155d800000,0x000000155d900000)]
  0x000001947c682000 JavaThread "Service Thread" daemon [_thread_blocked, id=10160, stack(0x000000155d900000,0x000000155da00000)]
=>0x000001947c685000 JavaThread "C2 CompilerThread0" daemon [_thread_in_native, id=9464, stack(0x000000155da00000,0x000000155db00000)]
  0x000001947c6e1800 JavaThread "C1 CompilerThread0" daemon [_thread_in_native, id=15356, stack(0x000000155db00000,0x000000155dc00000)]
  0x000001947c6eb000 JavaThread "Sweeper thread" daemon [_thread_blocked, id=12876, stack(0x000000155dc00000,0x000000155dd00000)]
  0x000001947c96f800 JavaThread "Common-Cleaner" daemon [_thread_blocked, id=15020, stack(0x000000155de00000,0x000000155df00000)]
  0x000001947ca9b000 JavaThread "surefire-forkedjvm-command-thread" daemon [_thread_in_native, id=7228, stack(0x000000155df00000,0x000000155e000000)]
  0x000001947cb45800 JavaThread "surefire-forkedjvm-ping-30s" daemon [_thread_in_native, id=7032, stack(0x000000155e000000,0x000000155e100000)]
  0x000001947db67800 JavaThread "background-preinit" [_thread_in_vm, id=6616, stack(0x000000155e200000,0x000000155e300000)]

Other Threads:
  0x000001947c647000 VMThread "VM Thread" [stack: 0x000000155d400000,0x000000155d500000] [id=7852]
  0x000001947c967800 WatcherThread [stack: 0x000000155dd00000,0x000000155de00000] [id=9096]
  0x000001945db6a800 GCTaskThread "GC Thread#0" [stack: 0x000000155cf00000,0x000000155d000000] [id=11056]
  0x000001947cf4c800 GCTaskThread "GC Thread#1" [stack: 0x000000155e100000,0x000000155e200000] [id=12512]
  0x000001945db85800 ConcurrentGCThread "G1 Main Marker" [stack: 0x000000155d000000,0x000000155d100000] [id=13080]
  0x000001945db86800 ConcurrentGCThread "G1 Conc#0" [stack: 0x000000155d100000,0x000000155d200000] [id=14656]
  0x000001945dbe1000 ConcurrentGCThread "G1 Refine#0" [stack: 0x000000155d200000,0x000000155d300000] [id=8828]
  0x000001945dbe2000 ConcurrentGCThread "G1 Young RemSet Sampling" [stack: 0x000000155d300000,0x000000155d400000] [id=6712]

Threads with active compile tasks:
C2 CompilerThread0   3671 1993       4       java.lang.invoke.LambdaForm$Name::replaceNames (174 bytes)
C1 CompilerThread0   3671 2090       3       java.nio.Buffer::checkIndex (24 bytes)

VM state:not at safepoint (normal execution)

VM Mutex/Monitor currently owned by a thread: None

Heap address: 0x00000000c1600000, size: 1002 MB, Compressed Oops mode: 32-bit
Narrow klass base: 0x0000000000000000, Narrow klass shift: 3
Compressed class space size: 1073741824 Address: 0x0000000100000000

Heap:
 garbage-first heap   total 65536K, used 36969K [0x00000000c1600000, 0x0000000100000000)
  region size 1024K, 33 young (33792K), 3 survivors (3072K)
 Metaspace       used 26073K, capacity 26941K, committed 27136K, reserved 1073152K
  class space    used 2923K, capacity 3294K, committed 3328K, reserved 1048576K
Heap Regions: E=young(eden), S=young(survivor), O=old, HS=humongous(starts), HC=humongous(continues), CS=collection set, F=free, A=archive, TAMS=top-at-mark-start (previous, next)
|   0|0x00000000c1600000, 0x00000000c1700000, 0x00000000c1700000|100%| O|  |TAMS 0x00000000c1700000, 0x00000000c1600000| Untracked 
|   1|0x00000000c1700000, 0x00000000c1800000, 0x00000000c1800000|100%| O|  |TAMS 0x00000000c1800000, 0x00000000c1700000| Untracked 
|   2|0x00000000c1800000, 0x00000000c1900000, 0x00000000c1900000|100%| O|  |TAMS 0x00000000c1900000, 0x00000000c1800000| Untracked 
|   3|0x00000000c1900000, 0x00000000c1a00000, 0x00000000c1a00000|100%| O|  |TAMS 0x00000000c1a00000, 0x00000000c1900000| Untracked 
|   4|0x00000000c1a00000, 0x00000000c1b00000, 0x00000000c1b00000|100%| O|  |TAMS 0x00000000c1b00000, 0x00000000c1a00000| Untracked 
|   5|0x00000000c1b00000, 0x00000000c1bd4000, 0x00000000c1c00000| 82%| O|  |TAMS 0x00000000c1bd4000, 0x00000000c1b00000| Untracked 
|   6|0x00000000c1c00000, 0x00000000c1c00000, 0x00000000c1d00000|  0%| F|  |TAMS 0x00000000c1c00000, 0x00000000c1c00000| Untracked 
|   7|0x00000000c1d00000, 0x00000000c1d00000, 0x00000000c1e00000|  0%| F|  |TAMS 0x00000000c1d00000, 0x00000000c1d00000| Untracked 
|   8|0x00000000c1e00000, 0x00000000c1e00000, 0x00000000c1f00000|  0%| F|  |TAMS 0x00000000c1e00000, 0x00000000c1e00000| Untracked 
|   9|0x00000000c1f00000, 0x00000000c1f00000, 0x00000000c2000000|  0%| F|  |TAMS 0x00000000c1f00000, 0x00000000c1f00000| Untracked 
|  10|0x00000000c2000000, 0x00000000c2000000, 0x00000000c2100000|  0%| F|  |TAMS 0x00000000c2000000, 0x00000000c2000000| Untracked 
|  11|0x00000000c2100000, 0x00000000c2100000, 0x00000000c2200000|  0%| F|  |TAMS 0x00000000c2100000, 0x00000000c2100000| Untracked 
|  12|0x00000000c2200000, 0x00000000c2200000, 0x00000000c2300000|  0%| F|  |TAMS 0x00000000c2200000, 0x00000000c2200000| Untracked 
|  13|0x00000000c2300000, 0x00000000c2300000, 0x00000000c2400000|  0%| F|  |TAMS 0x00000000c2300000, 0x00000000c2300000| Untracked 
|  14|0x00000000c2400000, 0x00000000c2400000, 0x00000000c2500000|  0%| F|  |TAMS 0x00000000c2400000, 0x00000000c2400000| Untracked 
|  15|0x00000000c2500000, 0x00000000c2500000, 0x00000000c2600000|  0%| F|  |TAMS 0x00000000c2500000, 0x00000000c2500000| Untracked 
|  16|0x00000000c2600000, 0x00000000c2600000, 0x00000000c2700000|  0%| F|  |TAMS 0x00000000c2600000, 0x00000000c2600000| Untracked 
|  17|0x00000000c2700000, 0x00000000c2700000, 0x00000000c2800000|  0%| F|  |TAMS 0x00000000c2700000, 0x00000000c2700000| Untracked 
|  18|0x00000000c2800000, 0x00000000c2800000, 0x00000000c2900000|  0%| F|  |TAMS 0x00000000c2800000, 0x00000000c2800000| Untracked 
|  19|0x00000000c2900000, 0x00000000c2900000, 0x00000000c2a00000|  0%| F|  |TAMS 0x00000000c2900000, 0x00000000c2900000| Untracked 
|  20|0x00000000c2a00000, 0x00000000c2a00000, 0x00000000c2b00000|  0%| F|  |TAMS 0x00000000c2a00000, 0x00000000c2a00000| Untracked 
|  21|0x00000000c2b00000, 0x00000000c2b00000, 0x00000000c2c00000|  0%| F|  |TAMS 0x00000000c2b00000, 0x00000000c2b00000| Untracked 
|  22|0x00000000c2c00000, 0x00000000c2c00000, 0x00000000c2d00000|  0%| F|  |TAMS 0x00000000c2c00000, 0x00000000c2c00000| Untracked 
|  23|0x00000000c2d00000, 0x00000000c2d00000, 0x00000000c2e00000|  0%| F|  |TAMS 0x00000000c2d00000, 0x00000000c2d00000| Untracked 
|  24|0x00000000c2e00000, 0x00000000c2e00000, 0x00000000c2f00000|  0%| F|  |TAMS 0x00000000c2e00000, 0x00000000c2e00000| Untracked 
|  25|0x00000000c2f00000, 0x00000000c2f00000, 0x00000000c3000000|  0%| F|  |TAMS 0x00000000c2f00000, 0x00000000c2f00000| Untracked 
|  26|0x00000000c3000000, 0x00000000c3000000, 0x00000000c3100000|  0%| F|  |TAMS 0x00000000c3000000, 0x00000000c3000000| Untracked 
|  27|0x00000000c3100000, 0x00000000c3100000, 0x00000000c3200000|  0%| F|  |TAMS 0x00000000c3100000, 0x00000000c3100000| Untracked 
|  28|0x00000000c3200000, 0x00000000c3200000, 0x00000000c3300000|  0%| F|  |TAMS 0x00000000c3200000, 0x00000000c3200000| Untracked 
|  29|0x00000000c3300000, 0x00000000c3300000, 0x00000000c3400000|  0%| F|  |TAMS 0x00000000c3300000, 0x00000000c3300000| Untracked 
|  30|0x00000000c3400000, 0x00000000c3402f38, 0x00000000c3500000|  1%| E|  |TAMS 0x00000000c3400000, 0x00000000c3400000| Complete 
|  31|0x00000000c3500000, 0x00000000c3600000, 0x00000000c3600000|100%| E|CS|TAMS 0x00000000c3500000, 0x00000000c3500000| Complete 
|  32|0x00000000c3600000, 0x00000000c3700000, 0x00000000c3700000|100%| E|CS|TAMS 0x00000000c3600000, 0x00000000c3600000| Complete 
|  33|0x00000000c3700000, 0x00000000c37464c0, 0x00000000c3800000| 27%| S|CS|TAMS 0x00000000c3700000, 0x00000000c3700000| Complete 
|  34|0x00000000c3800000, 0x00000000c3900000, 0x00000000c3900000|100%| S|CS|TAMS 0x00000000c3800000, 0x00000000c3800000| Complete 
|  35|0x00000000c3900000, 0x00000000c3a00000, 0x00000000c3a00000|100%| S|CS|TAMS 0x00000000c3900000, 0x00000000c3900000| Complete 
|  36|0x00000000c3a00000, 0x00000000c3b00000, 0x00000000c3b00000|100%| E|CS|TAMS 0x00000000c3a00000, 0x00000000c3a00000| Complete 
|  37|0x00000000c3b00000, 0x00000000c3c00000, 0x00000000c3c00000|100%| E|  |TAMS 0x00000000c3b00000, 0x00000000c3b00000| Complete 
|  38|0x00000000c3c00000, 0x00000000c3d00000, 0x00000000c3d00000|100%| E|CS|TAMS 0x00000000c3c00000, 0x00000000c3c00000| Complete 
|  39|0x00000000c3d00000, 0x00000000c3e00000, 0x00000000c3e00000|100%| E|CS|TAMS 0x00000000c3d00000, 0x00000000c3d00000| Complete 
|  40|0x00000000c3e00000, 0x00000000c3f00000, 0x00000000c3f00000|100%| E|CS|TAMS 0x00000000c3e00000, 0x00000000c3e00000| Complete 
|  41|0x00000000c3f00000, 0x00000000c4000000, 0x00000000c4000000|100%| E|CS|TAMS 0x00000000c3f00000, 0x00000000c3f00000| Complete 
|  42|0x00000000c4000000, 0x00000000c4100000, 0x00000000c4100000|100%| E|CS|TAMS 0x00000000c4000000, 0x00000000c4000000| Complete 
|  43|0x00000000c4100000, 0x00000000c4200000, 0x00000000c4200000|100%| E|CS|TAMS 0x00000000c4100000, 0x00000000c4100000| Complete 
|  44|0x00000000c4200000, 0x00000000c4300000, 0x00000000c4300000|100%| E|CS|TAMS 0x00000000c4200000, 0x00000000c4200000| Complete 
|  45|0x00000000c4300000, 0x00000000c4400000, 0x00000000c4400000|100%| E|CS|TAMS 0x00000000c4300000, 0x00000000c4300000| Complete 
|  46|0x00000000c4400000, 0x00000000c4500000, 0x00000000c4500000|100%| E|CS|TAMS 0x00000000c4400000, 0x00000000c4400000| Complete 
|  47|0x00000000c4500000, 0x00000000c4600000, 0x00000000c4600000|100%| E|CS|TAMS 0x00000000c4500000, 0x00000000c4500000| Complete 
|  48|0x00000000c4600000, 0x00000000c4700000, 0x00000000c4700000|100%| E|CS|TAMS 0x00000000c4600000, 0x00000000c4600000| Complete 
|  49|0x00000000c4700000, 0x00000000c4800000, 0x00000000c4800000|100%| E|CS|TAMS 0x00000000c4700000, 0x00000000c4700000| Complete 
|  50|0x00000000c4800000, 0x00000000c4900000, 0x00000000c4900000|100%| E|CS|TAMS 0x00000000c4800000, 0x00000000c4800000| Complete 
|  51|0x00000000c4900000, 0x00000000c4a00000, 0x00000000c4a00000|100%| E|CS|TAMS 0x00000000c4900000, 0x00000000c4900000| Complete 
|  52|0x00000000c4a00000, 0x00000000c4b00000, 0x00000000c4b00000|100%| E|CS|TAMS 0x00000000c4a00000, 0x00000000c4a00000| Complete 
|  53|0x00000000c4b00000, 0x00000000c4c00000, 0x00000000c4c00000|100%| E|CS|TAMS 0x00000000c4b00000, 0x00000000c4b00000| Complete 
|  54|0x00000000c4c00000, 0x00000000c4d00000, 0x00000000c4d00000|100%| E|CS|TAMS 0x00000000c4c00000, 0x00000000c4c00000| Complete 
|  55|0x00000000c4d00000, 0x00000000c4e00000, 0x00000000c4e00000|100%| E|CS|TAMS 0x00000000c4d00000, 0x00000000c4d00000| Complete 
|  56|0x00000000c4e00000, 0x00000000c4f00000, 0x00000000c4f00000|100%| E|CS|TAMS 0x00000000c4e00000, 0x00000000c4e00000| Complete 
|  57|0x00000000c4f00000, 0x00000000c5000000, 0x00000000c5000000|100%| E|CS|TAMS 0x00000000c4f00000, 0x00000000c4f00000| Complete 
|  58|0x00000000c5000000, 0x00000000c5100000, 0x00000000c5100000|100%| E|CS|TAMS 0x00000000c5000000, 0x00000000c5000000| Complete 
|  59|0x00000000c5100000, 0x00000000c5200000, 0x00000000c5200000|100%| E|CS|TAMS 0x00000000c5100000, 0x00000000c5100000| Complete 
|  60|0x00000000c5200000, 0x00000000c5300000, 0x00000000c5300000|100%| E|CS|TAMS 0x00000000c5200000, 0x00000000c5200000| Complete 
|  61|0x00000000c5300000, 0x00000000c5400000, 0x00000000c5400000|100%| E|CS|TAMS 0x00000000c5300000, 0x00000000c5300000| Complete 
|  62|0x00000000c5400000, 0x00000000c5500000, 0x00000000c5500000|100%| E|CS|TAMS 0x00000000c5400000, 0x00000000c5400000| Complete 
|  63|0x00000000c5500000, 0x00000000c5600000, 0x00000000c5600000|100%| E|CS|TAMS 0x00000000c5500000, 0x00000000c5500000| Complete 

Card table byte_map: [0x0000019477550000,0x0000019477750000] _byte_map_base: 0x0000019476f45000

Marking Bits (Prev, Next): (CMBitMap*) 0x000001945db80a00, (CMBitMap*) 0x000001945db809c8
 Prev Bits: [0x0000019478900000, 0x00000194798a8000)
 Next Bits: [0x0000019477950000, 0x00000194788f8000)

Polling page: 0x000001945d9a0000

Metaspace:

Usage:
  Non-class:     23.16 MB capacity,    22.64 MB ( 98%) used,   425.17 KB (  2%) free+waste,   101.56 KB ( <1%) overhead. 
      Class:      3.22 MB capacity,     2.86 MB ( 89%) used,   319.28 KB ( 10%) free+waste,    49.63 KB (  2%) overhead. 
       Both:     26.37 MB capacity,    25.50 MB ( 97%) used,   744.45 KB (  3%) free+waste,   151.19 KB ( <1%) overhead. 

Virtual space:
  Non-class space:       24.00 MB reserved,      23.25 MB ( 97%) committed 
      Class space:        1.00 GB reserved,       3.25 MB ( <1%) committed 
             Both:        1.02 GB reserved,      26.50 MB (  3%) committed 

Chunk freelists:
   Non-Class:  33.00 KB
       Class:  2.00 KB
        Both:  35.00 KB

MaxMetaspaceSize: 17179869184.00 GB
CompressedClassSpaceSize: 1.00 GB
Initial GC threshold: 20.80 MB
Current GC threshold: 35.00 MB
CDS: off

CodeHeap 'non-profiled nmethods': size=120064Kb used=744Kb max_used=744Kb free=119320Kb
 bounds [0x000001946f7e0000, 0x000001946fa50000, 0x0000019476d20000]
CodeHeap 'profiled nmethods': size=120000Kb used=3991Kb max_used=3991Kb free=116009Kb
 bounds [0x00000194682b0000, 0x00000194686a0000, 0x000001946f7e0000]
CodeHeap 'non-nmethods': size=5696Kb used=1183Kb max_used=1211Kb free=4513Kb
 bounds [0x0000019467d20000, 0x0000019467f90000, 0x00000194682b0000]
 total_blobs=2522 nmethods=2073 adapters=361
 compilation: enabled
              stopped_count=0, restarted_count=0
 full_count=0

Compilation events (20 events):
Event: 3.466 Thread 0x000001947c6e1800 2039       3       java.lang.invoke.AbstractValidatingLambdaMetafactory::validateMetafactoryArgs (607 bytes)
Event: 3.475 Thread 0x000001947c6e1800 nmethod 2039 0x0000019468674510 code [0x0000019468675060, 0x000001946867ca18]
Event: 3.475 Thread 0x000001947c6e1800 2040   !   3       java.lang.invoke.InnerClassLambdaMetafactory::buildCallSite (168 bytes)
Event: 3.477 Thread 0x000001947c6e1800 nmethod 2040 0x000001946867f410 code [0x000001946867f900, 0x0000019468681ba8]
Event: 3.478 Thread 0x000001947c6e1800 2041       3       org.springframework.core.annotation.RepeatableContainers::standardRepeatables (4 bytes)
Event: 3.478 Thread 0x000001947c6e1800 nmethod 2041 0x0000019468682b90 code [0x0000019468682d40, 0x0000019468682e78]
Event: 3.478 Thread 0x000001947c6e1800 2042       3       org.springframework.core.annotation.RepeatableContainers$StandardRepeatableContainers::access$000 (4 bytes)
Event: 3.478 Thread 0x000001947c6e1800 nmethod 2042 0x0000019468682f10 code [0x00000194686830c0, 0x00000194686831b8]
Event: 3.487 Thread 0x000001947c6e1800 2043       3       ch.qos.logback.classic.Logger::getChildByName (68 bytes)
Event: 3.488 Thread 0x000001947c6e1800 nmethod 2043 0x0000019468683290 code [0x00000194686834a0, 0x00000194686839e8]
Event: 3.489 Thread 0x000001947c6e1800 2044       3       java.util.stream.ReferencePipeline$StatelessOp::<init> (29 bytes)
Event: 3.489 Thread 0x000001947c6e1800 nmethod 2044 0x0000019468683c10 code [0x0000019468683de0, 0x0000019468683f88]
Event: 3.490 Thread 0x000001947c6e1800 2045       3       java.io.File::<init> (47 bytes)
Event: 3.491 Thread 0x000001947c6e1800 nmethod 2045 0x0000019468684090 code [0x0000019468684280, 0x0000019468684608]
Event: 3.492 Thread 0x000001947c6e1800 2046       3       java.lang.reflect.Constructor::copy (72 bytes)
Event: 3.492 Thread 0x000001947c6e1800 nmethod 2046 0x0000019468684790 code [0x0000019468684960, 0x0000019468684cf8]
Event: 3.492 Thread 0x000001947c6e1800 2047       3       java.lang.reflect.Constructor::<init> (50 bytes)
Event: 3.493 Thread 0x000001947c6e1800 nmethod 2047 0x0000019468684e10 code [0x0000019468684fe0, 0x0000019468685458]
Event: 3.495 Thread 0x000001947c6e1800 2048       3       java.util.LinkedHashMap::<init> (12 bytes)
Event: 3.495 Thread 0x000001947c6e1800 nmethod 2048 0x0000019468685590 code [0x0000019468685740, 0x0000019468685888]

GC Heap History (8 events):
Event: 1.230 GC heap before
{Heap before GC invocations=0 (full 0):
 garbage-first heap   total 65536K, used 13312K [0x00000000c1600000, 0x0000000100000000)
  region size 1024K, 14 young (14336K), 0 survivors (0K)
 Metaspace       used 10441K, capacity 10630K, committed 10880K, reserved 1058816K
  class space    used 946K, capacity 1037K, committed 1152K, reserved 1048576K
}
Event: 1.242 GC heap after
{Heap after GC invocations=1 (full 0):
 garbage-first heap   total 65536K, used 6182K [0x00000000c1600000, 0x0000000100000000)
  region size 1024K, 2 young (2048K), 2 survivors (2048K)
 Metaspace       used 10441K, capacity 10630K, committed 10880K, reserved 1058816K
  class space    used 946K, capacity 1037K, committed 1152K, reserved 1048576K
}
Event: 1.510 GC heap before
{Heap before GC invocations=1 (full 0):
 garbage-first heap   total 65536K, used 12326K [0x00000000c1600000, 0x0000000100000000)
  region size 1024K, 8 young (8192K), 2 survivors (2048K)
 Metaspace       used 11684K, capacity 11924K, committed 12032K, reserved 1060864K
  class space    used 1101K, capacity 1215K, committed 1280K, reserved 1048576K
}
Event: 1.517 GC heap after
{Heap after GC invocations=2 (full 0):
 garbage-first heap   total 65536K, used 6192K [0x00000000c1600000, 0x0000000100000000)
  region size 1024K, 1 young (1024K), 1 survivors (1024K)
 Metaspace       used 11684K, capacity 11924K, committed 12032K, reserved 1060864K
  class space    used 1101K, capacity 1215K, committed 1280K, reserved 1048576K
}
Event: 2.417 GC heap before
{Heap before GC invocations=2 (full 0):
 garbage-first heap   total 65536K, used 30768K [0x00000000c1600000, 0x0000000100000000)
  region size 1024K, 25 young (25600K), 1 survivors (1024K)
 Metaspace       used 16075K, capacity 16620K, committed 16768K, reserved 1064960K
  class space    used 1677K, capacity 1869K, committed 1920K, reserved 1048576K
}
Event: 2.421 GC heap after
{Heap after GC invocations=3 (full 0):
 garbage-first heap   total 65536K, used 7144K [0x00000000c1600000, 0x0000000100000000)
  region size 1024K, 2 young (2048K), 2 survivors (2048K)
 Metaspace       used 16075K, capacity 16620K, committed 16768K, reserved 1064960K
  class space    used 1677K, capacity 1869K, committed 1920K, reserved 1048576K
}
Event: 3.038 GC heap before
{Heap before GC invocations=3 (full 0):
 garbage-first heap   total 65536K, used 32744K [0x00000000c1600000, 0x0000000100000000)
  region size 1024K, 28 young (28672K), 2 survivors (2048K)
 Metaspace       used 20441K, capacity 21134K, committed 21248K, reserved 1069056K
  class space    used 2223K, capacity 2505K, committed 2560K, reserved 1048576K
}
Event: 3.045 GC heap after
{Heap after GC invocations=4 (full 0):
 garbage-first heap   total 65536K, used 8297K [0x00000000c1600000, 0x0000000100000000)
  region size 1024K, 3 young (3072K), 3 survivors (3072K)
 Metaspace       used 20441K, capacity 21134K, committed 21248K, reserved 1069056K
  class space    used 2223K, capacity 2505K, committed 2560K, reserved 1048576K
}

Deoptimization events (20 events):
Event: 2.851 Thread 0x000001945db55800 Uncommon trap: trap_request=0xffffff4d fr.pc=0x000001946f84012c relative=0x0000000000000e0c
Event: 2.851 Thread 0x000001945db55800 Uncommon trap: reason=unstable_if action=reinterpret pc=0x000001946f84012c method=jdk.internal.org.objectweb.asm.ByteVector.enlarge(I)V @ 17 c2
Event: 2.851 Thread 0x000001945db55800 DEOPT PACKING pc=0x000001946f84012c sp=0x000000155cef8300
Event: 2.851 Thread 0x000001945db55800 DEOPT UNPACKING pc=0x0000019467d6a1af sp=0x000000155cef81d0 mode 2
Event: 2.859 Thread 0x000001945db55800 Uncommon trap: trap_request=0xffffff4d fr.pc=0x000001946f836c24 relative=0x0000000000000484
Event: 2.859 Thread 0x000001945db55800 Uncommon trap: reason=unstable_if action=reinterpret pc=0x000001946f836c24 method=jdk.internal.org.objectweb.asm.Type.getArgumentsAndReturnSizes(Ljava/lang/String;)I @ 130 c2
Event: 2.859 Thread 0x000001945db55800 DEOPT PACKING pc=0x000001946f836c24 sp=0x000000155cef8a30
Event: 2.859 Thread 0x000001945db55800 DEOPT UNPACKING pc=0x0000019467d6a1af sp=0x000000155cef89c8 mode 2
Event: 2.969 Thread 0x000001945db55800 DEOPT PACKING pc=0x00000194683c976f sp=0x000000155cefb900
Event: 2.969 Thread 0x000001945db55800 DEOPT UNPACKING pc=0x0000019467d6a95e sp=0x000000155cefad88 mode 0
Event: 2.990 Thread 0x000001945db55800 DEOPT PACKING pc=0x000001946853e6b8 sp=0x000000155cefa530
Event: 2.990 Thread 0x000001945db55800 DEOPT UNPACKING pc=0x0000019467d6a95e sp=0x000000155cef9a38 mode 0
Event: 3.096 Thread 0x000001945db55800 DEOPT PACKING pc=0x000001946853e6b8 sp=0x000000155cefabb0
Event: 3.096 Thread 0x000001945db55800 DEOPT UNPACKING pc=0x0000019467d6a95e sp=0x000000155cefa0b8 mode 0
Event: 3.152 Thread 0x000001945db55800 DEOPT PACKING pc=0x000001946853e6b8 sp=0x000000155cefb630
Event: 3.152 Thread 0x000001945db55800 DEOPT UNPACKING pc=0x0000019467d6a95e sp=0x000000155cefab38 mode 0
Event: 3.228 Thread 0x000001945db55800 Uncommon trap: trap_request=0xffffff4d fr.pc=0x000001946f859494 relative=0x0000000000001154
Event: 3.228 Thread 0x000001945db55800 Uncommon trap: reason=unstable_if action=reinterpret pc=0x000001946f859494 method=java.util.concurrent.ConcurrentHashMap.putVal(Ljava/lang/Object;Ljava/lang/Object;Z)Ljava/lang/Object; @ 148 c2
Event: 3.228 Thread 0x000001945db55800 DEOPT PACKING pc=0x000001946f859494 sp=0x000000155cefc050
Event: 3.228 Thread 0x000001945db55800 DEOPT UNPACKING pc=0x0000019467d6a1af sp=0x000000155cefbfe0 mode 2

Classes redefined (0 events):
No events

Internal exceptions (20 events):
Event: 2.854 Thread 0x000001945db55800 Exception <a 'java/lang/NoSuchMethodError'{0x00000000c4289fc0}: 'java.lang.Object java.lang.invoke.DirectMethodHandle$Holder.invokeStatic(java.lang.Object, java.lang.Object, java.lang.Object, java.lang.Object, java.lang.Object, java.lang.Object, java.lang.Object, java.lang.Object, java.lang.Object, java.lang.Object, java.lang.Object, java.lang.Object, java.lang.Object, java.lang.Object, java.lang.Object, java.lang.Object)'> (0x00000000c4289fc0) thrown at [./src/hotspot/share/interpreter/linkResolver.cpp, l
Event: 2.855 Thread 0x000001945db55800 Exception <a 'java/lang/NoSuchMethodError'{0x00000000c4298428}: 'java.lang.Object java.lang.invoke.DirectMethodHandle$Holder.invokeSpecial(java.lang.Object, java.lang.Object, int, int, java.lang.Object, java.lang.Object, java.lang.Object, java.lang.Object)'> (0x00000000c4298428) thrown at [./src/hotspot/share/interpreter/linkResolver.cpp, line 773]
Event: 2.855 Thread 0x000001945db55800 Exception <a 'java/lang/NoSuchMethodError'{0x00000000c429c0b0}: 'java.lang.Object java.lang.invoke.DelegatingMethodHandle$Holder.reinvoke_L(java.lang.Object, int, int, java.lang.Object, java.lang.Object, java.lang.Object, java.lang.Object)'> (0x00000000c429c0b0) thrown at [./src/hotspot/share/interpreter/linkResolver.cpp, line 773]
Event: 2.856 Thread 0x000001945db55800 Exception <a 'java/lang/NoSuchMethodError'{0x00000000c42aafb8}: 'java.lang.Object java.lang.invoke.DirectMethodHandle$Holder.invokeStatic(java.lang.Object, java.lang.Object, java.lang.Object, java.lang.Object, java.lang.Object, java.lang.Object, int)'> (0x00000000c42aafb8) thrown at [./src/hotspot/share/interpreter/linkResolver.cpp, line 773]
Event: 2.869 Thread 0x000001945db55800 Exception <a 'java/io/FileNotFoundException'{0x00000000c4137cd8}> (0x00000000c4137cd8) thrown at [./src/hotspot/share/prims/jni.cpp, line 616]
Event: 2.976 Thread 0x000001945db55800 Exception <a 'java/lang/IncompatibleClassChangeError'{0x00000000c3d45d20}: Found class java.lang.Object, but interface was expected> (0x00000000c3d45d20) thrown at [./src/hotspot/share/interpreter/linkResolver.cpp, line 839]
Event: 3.033 Thread 0x000001945db55800 Exception <a 'java/lang/NoSuchMethodError'{0x00000000c3a7d0e8}: 'int java.lang.invoke.DirectMethodHandle$Holder.invokeSpecial(java.lang.Object, java.lang.Object, java.lang.Object, java.lang.Object)'> (0x00000000c3a7d0e8) thrown at [./src/hotspot/share/interpreter/linkResolver.cpp, line 773]
Event: 3.093 Thread 0x000001945db55800 Exception <a 'java/lang/NoSuchMethodError'{0x00000000c547caf0}: 'java.lang.Object java.lang.invoke.DirectMethodHandle$Holder.invokeSpecial(java.lang.Object, java.lang.Object, java.lang.Object, java.lang.Object, java.lang.Object, java.lang.Object, int)'> (0x00000000c547caf0) thrown at [./src/hotspot/share/interpreter/linkResolver.cpp, line 773]
Event: 3.094 Thread 0x000001945db55800 Exception <a 'java/lang/NoSuchMethodError'{0x00000000c5486d10}: 'java.lang.Object java.lang.invoke.DirectMethodHandle$Holder.invokeSpecial(java.lang.Object, java.lang.Object, java.lang.Object, java.lang.Object, java.lang.Object, java.lang.Object, java.lang.Object, int)'> (0x00000000c5486d10) thrown at [./src/hotspot/share/interpreter/linkResolver.cpp, line 773]
Event: 3.094 Thread 0x000001945db55800 Exception <a 'java/lang/NoSuchMethodError'{0x00000000c548b108}: 'java.lang.Object java.lang.invoke.Invokers$Holder.linkToTargetMethod(java.lang.Object, java.lang.Object, java.lang.Object, java.lang.Object, java.lang.Object, int, java.lang.Object)'> (0x00000000c548b108) thrown at [./src/hotspot/share/interpreter/linkResolver.cpp, line 773]
Event: 3.170 Thread 0x000001945db55800 Exception <a 'java/lang/NoSuchMethodError'{0x00000000c51eb1a8}: 'java.lang.Object java.lang.invoke.DirectMethodHandle$Holder.invokeStatic(java.lang.Object, java.lang.Object, java.lang.Object, int, java.lang.Object)'> (0x00000000c51eb1a8) thrown at [./src/hotspot/share/interpreter/linkResolver.cpp, line 773]
Event: 3.170 Thread 0x000001945db55800 Exception <a 'java/lang/NoSuchMethodError'{0x00000000c51f2100}: 'java.lang.Object java.lang.invoke.Invokers$Holder.linkToTargetMethod(java.lang.Object, java.lang.Object, int, java.lang.Object, java.lang.Object)'> (0x00000000c51f2100) thrown at [./src/hotspot/share/interpreter/linkResolver.cpp, line 773]
Event: 3.171 Thread 0x000001945db55800 Exception <a 'java/lang/NoSuchMethodError'{0x00000000c51ff078}: 'int java.lang.invoke.DirectMethodHandle$Holder.invokeStatic(java.lang.Object, int, java.lang.Object, java.lang.Object)'> (0x00000000c51ff078) thrown at [./src/hotspot/share/interpreter/linkResolver.cpp, line 773]
Event: 3.172 Thread 0x000001945db55800 Exception <a 'java/lang/NoSuchMethodError'{0x00000000c5006bb8}: 'java.lang.Object java.lang.invoke.DirectMethodHandle$Holder.invokeStatic(java.lang.Object, int, java.lang.Object)'> (0x00000000c5006bb8) thrown at [./src/hotspot/share/interpreter/linkResolver.cpp, line 773]
Event: 3.215 Thread 0x000001945db55800 Exception <a 'java/lang/NoSuchMethodError'{0x00000000c4fd9198}: 'void java.lang.invoke.DirectMethodHandle$Holder.invokeStaticInit(java.lang.Object, java.lang.Object)'> (0x00000000c4fd9198) thrown at [./src/hotspot/share/interpreter/linkResolver.cpp, line 773]
Event: 3.336 Thread 0x000001947db67800 Exception <a 'java/lang/NoClassDefFoundError'{0x00000000c4ca62f8}: javax/validation/Validation> (0x00000000c4ca62f8) thrown at [./src/hotspot/share/classfile/systemDictionary.cpp, line 223]
Event: 3.387 Thread 0x000001947db67800 Exception <a 'java/lang/NoSuchMethodError'{0x00000000c48ece48}: 'java.lang.Object java.lang.invoke.DirectMethodHandle$Holder.invokeStaticInit(java.lang.Object, java.lang.Object, java.lang.Object, java.lang.Object, java.lang.Object)'> (0x00000000c48ece48) thrown at [./src/hotspot/share/interpreter/linkResolver.cpp, line 773]
Event: 3.397 Thread 0x000001947db67800 Exception <a 'java/lang/NoSuchMethodError'{0x00000000c47d8ef8}: 'java.lang.Object java.lang.invoke.DirectMethodHandle$Holder.invokeSpecial(java.lang.Object, java.lang.Object, int, int, java.lang.Object, java.lang.Object, java.lang.Object)'> (0x00000000c47d8ef8) thrown at [./src/hotspot/share/interpreter/linkResolver.cpp, line 773]
Event: 3.398 Thread 0x000001947db67800 Exception <a 'java/lang/NoSuchMethodError'{0x00000000c47dc488}: 'java.lang.Object java.lang.invoke.DelegatingMethodHandle$Holder.reinvoke_L(java.lang.Object, int, int, java.lang.Object, java.lang.Object, java.lang.Object)'> (0x00000000c47dc488) thrown at [./src/hotspot/share/interpreter/linkResolver.cpp, line 773]
Event: 3.399 Thread 0x000001947db67800 Exception <a 'java/lang/NoSuchMethodError'{0x00000000c47e0368}: 'java.lang.Object java.lang.invoke.DirectMethodHandle$Holder.invokeStatic(java.lang.Object, java.lang.Object, java.lang.Object, java.lang.Object, int)'> (0x00000000c47e0368) thrown at [./src/hotspot/share/interpreter/linkResolver.cpp, line 773]

Events (20 events):
Event: 3.509 loading class org/springframework/aop/TargetSource
Event: 3.509 loading class org/springframework/aop/TargetSource done
Event: 3.509 loading class com/fasterxml/jackson/databind/deser/DefaultDeserializationContext$Impl
Event: 3.509 loading class com/fasterxml/jackson/databind/deser/DefaultDeserializationContext$Impl done
Event: 3.509 loading class org/springframework/beans/factory/annotation/Value
Event: 3.509 loading class org/springframework/beans/factory/annotation/Value done
Event: 3.509 loading class com/fasterxml/jackson/databind/ser/SerializerFactory
Event: 3.509 loading class com/fasterxml/jackson/databind/ser/SerializerFactory done
Event: 3.510 loading class org/springframework/beans/factory/annotation/Qualifier
Event: 3.510 loading class org/springframework/beans/factory/annotation/Qualifier done
Event: 3.510 loading class com/fasterxml/jackson/databind/ser/BeanSerializerFactory
Event: 3.510 loading class com/fasterxml/jackson/databind/ser/BeanSerializerFactory done
Event: 3.510 loading class javax/inject/Qualifier
Event: 3.510 loading class javax/inject/Qualifier done
Event: 3.511 loading class javax/inject$Qualifier
Event: 3.511 loading class javax/inject$Qualifier done
Event: 3.511 loading class com/fasterxml/jackson/databind/ser/BasicSerializerFactory
Event: 3.511 loading class org/springframework/beans/factory/config/BeanDefinitionHolder
Event: 3.511 loading class com/fasterxml/jackson/databind/ser/BasicSerializerFactory done
Event: 3.511 loading class org/springframework/beans/factory/config/BeanDefinitionHolder done


Dynamic libraries:
0x00007ff6e36e0000 - 0x00007ff6e36ed000 	C:\Users\Lenovo\AppData\Local\Java\zulu11.52.13-ca-jdk11.0.13-win_x64\zulu11.52.13-ca-jdk11.0.13-win_x64\bin\java.exe
0x00007ff893bb0000 - 0x00007ff893da5000 	C:\WINDOWS\SYSTEM32\ntdll.dll
0x00007ff891c00000 - 0x00007ff891cbe000 	C:\WINDOWS\System32\KERNEL32.DLL
0x00007ff891540000 - 0x00007ff891808000 	C:\WINDOWS\System32\KERNELBASE.dll
0x00007ff891b00000 - 0x00007ff891c00000 	C:\WINDOWS\System32\ucrtbase.dll
0x00007ff88aa30000 - 0x00007ff88aa47000 	C:\Users\Lenovo\AppData\Local\Java\zulu11.52.13-ca-jdk11.0.13-win_x64\zulu11.52.13-ca-jdk11.0.13-win_x64\bin\jli.dll
0x00007ff88ad50000 - 0x00007ff88ad65000 	C:\Users\Lenovo\AppData\Local\Java\zulu11.52.13-ca-jdk11.0.13-win_x64\zulu11.52.13-ca-jdk11.0.13-win_x64\bin\VCRUNTIME140.dll
0x00007ff8936a0000 - 0x00007ff893841000 	C:\WINDOWS\System32\USER32.dll
0x00007ff891490000 - 0x00007ff8914b2000 	C:\WINDOWS\System32\win32u.dll
0x00007ff8938b0000 - 0x00007ff8938db000 	C:\WINDOWS\System32\GDI32.dll
0x00007ff8912d0000 - 0x00007ff8913db000 	C:\WINDOWS\System32\gdi32full.dll
0x00007ff891900000 - 0x00007ff89199d000 	C:\WINDOWS\System32\msvcp_win.dll
0x00007ff87f690000 - 0x00007ff87f92a000 	C:\WINDOWS\WinSxS\amd64_microsoft.windows.common-controls_6595b64144ccf1df_6.0.19041.1110_none_60b5254171f9507e\COMCTL32.dll
0x00007ff891ea0000 - 0x00007ff891f3e000 	C:\WINDOWS\System32\msvcrt.dll
0x00007ff8938f0000 - 0x00007ff893920000 	C:\WINDOWS\System32\IMM32.DLL
0x00007ff86e7f0000 - 0x00007ff86e88b000 	C:\Users\Lenovo\AppData\Local\Java\zulu11.52.13-ca-jdk11.0.13-win_x64\zulu11.52.13-ca-jdk11.0.13-win_x64\bin\msvcp140.dll
0x00007ff85c370000 - 0x00007ff85cefa000 	C:\Users\Lenovo\AppData\Local\Java\zulu11.52.13-ca-jdk11.0.13-win_x64\zulu11.52.13-ca-jdk11.0.13-win_x64\bin\server\jvm.dll
0x00007ff8922a0000 - 0x00007ff89234c000 	C:\WINDOWS\System32\ADVAPI32.dll
0x00007ff891da0000 - 0x00007ff891e3b000 	C:\WINDOWS\System32\sechost.dll
0x00007ff8934e0000 - 0x00007ff89360a000 	C:\WINDOWS\System32\RPCRT4.dll
0x00007ff8938e0000 - 0x00007ff8938e8000 	C:\WINDOWS\System32\PSAPI.DLL
0x00007ff88b850000 - 0x00007ff88b859000 	C:\WINDOWS\SYSTEM32\WSOCK32.dll
0x00007ff883830000 - 0x00007ff88383a000 	C:\WINDOWS\SYSTEM32\VERSION.dll
0x00007ff87aa40000 - 0x00007ff87aa67000 	C:\WINDOWS\SYSTEM32\WINMM.dll
0x00007ff8939a0000 - 0x00007ff893a0b000 	C:\WINDOWS\System32\WS2_32.dll
0x00007ff88fb50000 - 0x00007ff88fb62000 	C:\WINDOWS\SYSTEM32\kernel.appcore.dll
0x00007ff88aed0000 - 0x00007ff88aee0000 	C:\Users\Lenovo\AppData\Local\Java\zulu11.52.13-ca-jdk11.0.13-win_x64\zulu11.52.13-ca-jdk11.0.13-win_x64\bin\verify.dll
0x00007ff88f0e0000 - 0x00007ff88f2c4000 	C:\WINDOWS\SYSTEM32\DBGHELP.DLL
0x00007ff87a940000 - 0x00007ff87a96c000 	C:\WINDOWS\SYSTEM32\dbgcore.DLL
0x00007ff891870000 - 0x00007ff8918f3000 	C:\WINDOWS\System32\bcryptPrimitives.dll
0x00007ff8782d0000 - 0x00007ff8782f8000 	C:\Users\Lenovo\AppData\Local\Java\zulu11.52.13-ca-jdk11.0.13-win_x64\zulu11.52.13-ca-jdk11.0.13-win_x64\bin\java.dll
0x00007ff88ad40000 - 0x00007ff88ad4a000 	C:\Users\Lenovo\AppData\Local\Java\zulu11.52.13-ca-jdk11.0.13-win_x64\zulu11.52.13-ca-jdk11.0.13-win_x64\bin\jimage.dll
0x00007ff8833c0000 - 0x00007ff8833d7000 	C:\Users\Lenovo\AppData\Local\Java\zulu11.52.13-ca-jdk11.0.13-win_x64\zulu11.52.13-ca-jdk11.0.13-win_x64\bin\zip.dll
0x00007ff892350000 - 0x00007ff892a8f000 	C:\WINDOWS\System32\SHELL32.dll
0x00007ff88f3b0000 - 0x00007ff88fb40000 	C:\WINDOWS\SYSTEM32\windows.storage.dll
0x00007ff891f40000 - 0x00007ff892295000 	C:\WINDOWS\System32\combase.dll
0x00007ff890d20000 - 0x00007ff890d4e000 	C:\WINDOWS\SYSTEM32\Wldp.dll
0x00007ff893a10000 - 0x00007ff893abd000 	C:\WINDOWS\System32\SHCORE.dll
0x00007ff893610000 - 0x00007ff893665000 	C:\WINDOWS\System32\shlwapi.dll
0x00007ff891210000 - 0x00007ff89122f000 	C:\WINDOWS\SYSTEM32\profapi.dll
0x00007ff870280000 - 0x00007ff870299000 	C:\Users\Lenovo\AppData\Local\Java\zulu11.52.13-ca-jdk11.0.13-win_x64\zulu11.52.13-ca-jdk11.0.13-win_x64\bin\net.dll
0x00007ff87f990000 - 0x00007ff87fa9c000 	C:\WINDOWS\SYSTEM32\WINHTTP.dll
0x00007ff890a80000 - 0x00007ff890aea000 	C:\WINDOWS\system32\mswsock.dll
0x00007ff870260000 - 0x00007ff870272000 	C:\Users\Lenovo\AppData\Local\Java\zulu11.52.13-ca-jdk11.0.13-win_x64\zulu11.52.13-ca-jdk11.0.13-win_x64\bin\nio.dll
0x00007ff88aa90000 - 0x00007ff88aa99000 	C:\Users\Lenovo\AppData\Local\Java\zulu11.52.13-ca-jdk11.0.13-win_x64\zulu11.52.13-ca-jdk11.0.13-win_x64\bin\management.dll
0x00007ff88aa20000 - 0x00007ff88aa2b000 	C:\Users\Lenovo\AppData\Local\Java\zulu11.52.13-ca-jdk11.0.13-win_x64\zulu11.52.13-ca-jdk11.0.13-win_x64\bin\management_ext.dll
0x00007ff877a40000 - 0x00007ff877a57000 	C:\WINDOWS\system32\napinsp.dll
0x00007ff877a20000 - 0x00007ff877a3b000 	C:\WINDOWS\system32\pnrpnsp.dll
0x00007ff877a00000 - 0x00007ff877a15000 	C:\WINDOWS\system32\wshbth.dll
0x00007ff88b7c0000 - 0x00007ff88b7dd000 	C:\WINDOWS\system32\NLAapi.dll
0x00007ff890720000 - 0x00007ff89075b000 	C:\WINDOWS\SYSTEM32\IPHLPAPI.DLL
0x00007ff890770000 - 0x00007ff89083b000 	C:\WINDOWS\SYSTEM32\DNSAPI.dll
0x00007ff893690000 - 0x00007ff893698000 	C:\WINDOWS\System32\NSI.dll
0x00007ff8779e0000 - 0x00007ff8779f2000 	C:\WINDOWS\System32\winrnr.dll
0x00007ff87f680000 - 0x00007ff87f68a000 	C:\Windows\System32\rasadhlp.dll
0x00007ff87faa0000 - 0x00007ff87fb1f000 	C:\WINDOWS\System32\fwpuclnt.dll
0x00007ff891510000 - 0x00007ff891537000 	C:\WINDOWS\System32\bcrypt.dll

dbghelp: loaded successfully - version: 4.0.5 - missing functions: none
symbol engine: initialized successfully - sym options: 0x614 - pdb path: .;C:\Users\Lenovo\AppData\Local\Java\zulu11.52.13-ca-jdk11.0.13-win_x64\zulu11.52.13-ca-jdk11.0.13-win_x64\bin;C:\WINDOWS\SYSTEM32;C:\WINDOWS\WinSxS\amd64_microsoft.windows.common-controls_6595b64144ccf1df_6.0.19041.1110_none_60b5254171f9507e;C:\Users\Lenovo\AppData\Local\Java\zulu11.52.13-ca-jdk11.0.13-win_x64\zulu11.52.13-ca-jdk11.0.13-win_x64\bin\server

VM Arguments:
java_command: C:\Users\Lenovo\AppData\Local\Temp\surefire15228362035059333480\surefirebooter17294431949993623994.jar C:\Users\Lenovo\AppData\Local\Temp\surefire15228362035059333480 2021-12-14T17-16-24_151-jvmRun1 surefire14992611516047371774tmp surefire_016344056150169006966tmp
java_class_path (initial): C:\Users\Lenovo\AppData\Local\Temp\surefire15228362035059333480\surefirebooter17294431949993623994.jar
Launcher Type: SUN_STANDARD

[Global flags]
     intx CICompilerCount                          = 3                                         {product} {ergonomic}
     uint ConcGCThreads                            = 1                                         {product} {ergonomic}
     uint G1ConcRefinementThreads                  = 4                                         {product} {ergonomic}
   size_t G1HeapRegionSize                         = 1048576                                   {product} {ergonomic}
    uintx GCDrainStackTargetSize                   = 64                                        {product} {ergonomic}
   size_t InitialHeapSize                          = 67108864                                  {product} {ergonomic}
   size_t MarkStackSize                            = 4194304                                   {product} {ergonomic}
   size_t MaxHeapSize                              = 1050673152                                {product} {ergonomic}
   size_t MaxNewSize                               = 630194176                                 {product} {ergonomic}
   size_t MinHeapDeltaBytes                        = 1048576                                   {product} {ergonomic}
    uintx NonNMethodCodeHeapSize                   = 5830732                                {pd product} {ergonomic}
    uintx NonProfiledCodeHeapSize                  = 122913754                              {pd product} {ergonomic}
    uintx ProfiledCodeHeapSize                     = 122913754                              {pd product} {ergonomic}
    uintx ReservedCodeCacheSize                    = 251658240                              {pd product} {ergonomic}
     bool SegmentedCodeCache                       = true                                      {product} {ergonomic}
     bool UseCompressedClassPointers               = true                                 {lp64_product} {ergonomic}
     bool UseCompressedOops                        = true                                 {lp64_product} {ergonomic}
     bool UseG1GC                                  = true                                      {product} {ergonomic}
     bool UseLargePagesIndividualAllocation        = false                                  {pd product} {ergonomic}

Logging:
Log output configuration:
 #0: stdout all=warning uptime,level,tags
 #1: stderr all=off uptime,level,tags

Environment Variables:
JAVA_HOME=C:\Users\Lenovo\AppData\Local\Java\zulu11.52.13-ca-jdk11.0.13-win_x64\zulu11.52.13-ca-jdk11.0.13-win_x64
PATH=C:\Python310\Scripts\;C:\Python310\;C:\Program Files\Common Files\Oracle\Java\javapath;C:\Program Files\Eclipse Foundation\jdk-11.0.12.7-hotspot\bin;C:\Program Files (x86)\Common Files\Oracle\Java\javapath;C:\WINDOWS\system32;C:\WINDOWS;C:\WINDOWS\System32\Wbem;C:\WINDOWS\System32\WindowsPowerShell\v1.0\;C:\WINDOWS\System32\OpenSSH\;C:\Program Files\Git\cmd;C:\Program Files\MongoDB\Server\5.0\bin;C:\Program Files\nodejs\;C:\ProgramData\chocolatey\bin;;C:\Program Files\Docker\Docker\resources\bin;C:\ProgramData\DockerDesktop\version-bin;C:\Program Files\MySQL\MySQL Shell 8.0\bin\;C:\Users\Lenovo\AppData\Local\Programs\Python\Python39\Scripts\;C:\Users\Lenovo\AppData\Local\Programs\Python\Python39\;C:\Users\Lenovo\AppData\Local\Microsoft\WindowsApps;C:\Users\Lenovo\AppData\Local\Programs\Microsoft VS Code\bin;C:\Users\Lenovo\AppData\Local\GitHubDesktop\bin;C:\Users\Lenovo\AppData\Roaming\npm
USERNAME=Lenovo
OS=Windows_NT
PROCESSOR_IDENTIFIER=Intel64 Family 6 Model 142 Stepping 10, GenuineIntel



---------------  S Y S T E M  ---------------

OS: Windows 10 , 64 bit Build 19041 (10.0.19041.1348)
OS uptime: 0 days 15:51 hours

CPU:total 4 (initial active 4) (2 cores per cpu, 2 threads per core) family 6 model 142 stepping 10 microcode 0xb4, cmov, cx8, fxsr, mmx, sse, sse2, sse3, ssse3, sse4.1, sse4.2, popcnt, avx, avx2, aes, clmul, erms, 3dnowpref, lzcnt, ht, tsc, tscinvbit, bmi1, bmi2, adx, fma

Memory: 4k page, system-wide physical 4001M (267M free)
TotalPageFile size 7501M (AvailPageFile size 2M)
current process WorkingSet (physical memory assigned to process): 123M, peak: 123M
current process commit charge ("private bytes"): 181M, peak: 181M

vm_info: OpenJDK 64-Bit Server VM (11.0.13+8-LTS) for windows-amd64 JRE (Zulu11.52+13-CA) (11.0.13+8-LTS), built on Oct  7 2021 16:00:23 by "zulu_re" with MS VC++ 15.9 (VS2017)

END.
